SF:/home/lewis/src/vel-bsl/crates/vo-actor/src/lib.rs
FN:22,_RNvNtCsR9OKOCkh2F_8vo_actor9heartbeat21run_heartbeat_watcher
FNDA:0,_RNvNtCsR9OKOCkh2F_8vo_actor9heartbeat21run_heartbeat_watcher
FNF:1
FNH:0
DA:22,0
BRF:0
BRH:0
LF:1
LH:0
end_of_record
SF:/home/lewis/src/vel-bsl/crates/vo-cli/src/main.rs
FN:1,_RNvCs268XkaFouSw_6vo_cli4main
FNDA:0,_RNvCs268XkaFouSw_6vo_cli4main
FNF:1
FNH:0
DA:1,0
BRF:0
BRH:0
LF:1
LH:0
end_of_record
SF:/home/lewis/src/vel-bsl/crates/vo-storage/src/codec.rs
FN:61,_RNvNtCs3hyqjBMWnBp_10vo_storage5codec16decode_event_key
FN:23,_RNvNtCs3hyqjBMWnBp_10vo_storage5codec16encode_event_key
FN:97,_RNvNtNtCs3hyqjBMWnBp_10vo_storage5codec5tests8mixed_id
FN:12,_RNvXNtCs3hyqjBMWnBp_10vo_storage5codecNtB2_12StorageErrorNtNtCshE3Bd3PKlmN_4core3fmt7Display3fmt
FN:93,_RNvNtNtCs3hyqjBMWnBp_10vo_storage5codec5tests6max_id
FN:90,_RNvNtNtCs3hyqjBMWnBp_10vo_storage5codec5tests6min_id
FN:195,_RNvNtNtCs3hyqjBMWnBp_10vo_storage5codec5testss_52decode_event_key_returns_error_when_sequence_is_zero
FN:114,_RNvNtNtCs3hyqjBMWnBp_10vo_storage5codec5testss_61encode_event_key_returns_exact_bytes_when_inputs_are_maximums
FN:102,_RNvNtNtCs3hyqjBMWnBp_10vo_storage5codec5testss_61encode_event_key_returns_exact_bytes_when_inputs_are_minimums
FN:188,_RNvNtNtCs3hyqjBMWnBp_10vo_storage5codec5testss_63decode_event_key_returns_corrupt_key_error_when_bytes_are_empty
FN:181,_RNvNtNtCs3hyqjBMWnBp_10vo_storage5codec5testss_66decode_event_key_returns_corrupt_key_error_when_bytes_are_too_long
FN:174,_RNvNtNtCs3hyqjBMWnBp_10vo_storage5codec5testss_67decode_event_key_returns_corrupt_key_error_when_bytes_are_too_short
FN:148,_RNvNtNtCs3hyqjBMWnBp_10vo_storage5codec5testss_70decode_event_key_returns_exact_components_when_bytes_are_maximum_valid
FN:135,_RNvNtNtCs3hyqjBMWnBp_10vo_storage5codec5testss_70decode_event_key_returns_exact_components_when_bytes_are_minimum_valid
FN:123,_RNvNtNtCs3hyqjBMWnBp_10vo_storage5codec5testss_71encode_event_key_returns_concrete_big_endian_bytes_to_preserve_ordering
FN:158,_RNvNtNtCs3hyqjBMWnBp_10vo_storage5codec5testss_74decode_event_key_returns_exact_components_when_bytes_have_mixed_endianness
FNDA:43,_RNvNtCs3hyqjBMWnBp_10vo_storage5codec16decode_event_key
FNDA:39,_RNvNtCs3hyqjBMWnBp_10vo_storage5codec16encode_event_key
FNDA:0,_RNvNtNtCs3hyqjBMWnBp_10vo_storage5codec5tests8mixed_id
FNDA:0,_RNvXNtCs3hyqjBMWnBp_10vo_storage5codecNtB2_12StorageErrorNtNtCshE3Bd3PKlmN_4core3fmt7Display3fmt
FNDA:4,_RNvNtNtCs3hyqjBMWnBp_10vo_storage5codec5tests6max_id
FNDA:2,_RNvNtNtCs3hyqjBMWnBp_10vo_storage5codec5tests6min_id
FNDA:1,_RNvNtNtCs3hyqjBMWnBp_10vo_storage5codec5testss_52decode_event_key_returns_error_when_sequence_is_zero
FNDA:1,_RNvNtNtCs3hyqjBMWnBp_10vo_storage5codec5testss_61encode_event_key_returns_exact_bytes_when_inputs_are_maximums
FNDA:1,_RNvNtNtCs3hyqjBMWnBp_10vo_storage5codec5testss_61encode_event_key_returns_exact_bytes_when_inputs_are_minimums
FNDA:1,_RNvNtNtCs3hyqjBMWnBp_10vo_storage5codec5testss_63decode_event_key_returns_corrupt_key_error_when_bytes_are_empty
FNDA:1,_RNvNtNtCs3hyqjBMWnBp_10vo_storage5codec5testss_66decode_event_key_returns_corrupt_key_error_when_bytes_are_too_long
FNDA:1,_RNvNtNtCs3hyqjBMWnBp_10vo_storage5codec5testss_67decode_event_key_returns_corrupt_key_error_when_bytes_are_too_short
FNDA:1,_RNvNtNtCs3hyqjBMWnBp_10vo_storage5codec5testss_70decode_event_key_returns_exact_components_when_bytes_are_maximum_valid
FNDA:1,_RNvNtNtCs3hyqjBMWnBp_10vo_storage5codec5testss_70decode_event_key_returns_exact_components_when_bytes_are_minimum_valid
FNDA:1,_RNvNtNtCs3hyqjBMWnBp_10vo_storage5codec5testss_71encode_event_key_returns_concrete_big_endian_bytes_to_preserve_ordering
FNDA:1,_RNvNtNtCs3hyqjBMWnBp_10vo_storage5codec5testss_74decode_event_key_returns_exact_components_when_bytes_have_mixed_endianness
FNF:16
FNH:14
DA:12,0
DA:13,0
DA:14,0
DA:15,0
DA:17,0
DA:23,39
DA:24,39
DA:25,39
DA:27,39
DA:28,39
DA:29,39
DA:30,39
DA:31,39
DA:32,39
DA:33,39
DA:34,39
DA:35,39
DA:36,39
DA:37,39
DA:38,39
DA:39,39
DA:40,39
DA:41,39
DA:42,39
DA:43,39
DA:44,39
DA:45,39
DA:46,39
DA:47,39
DA:48,39
DA:49,39
DA:50,39
DA:51,39
DA:52,39
DA:53,39
DA:61,43
DA:62,43
DA:63,3
DA:64,40
DA:66,40
DA:67,40
DA:68,40
DA:69,40
DA:70,40
DA:71,40
DA:72,40
DA:74,40
DA:75,40
DA:77,40
DA:78,1
DA:81,39
DA:82,43
DA:90,2
DA:91,2
DA:92,2
DA:93,4
DA:94,4
DA:95,4
DA:97,0
DA:98,0
DA:99,0
DA:102,1
DA:103,1
DA:104,1
DA:105,1
DA:106,1
DA:107,1
DA:108,1
DA:109,1
DA:110,1
DA:111,1
DA:114,1
DA:115,1
DA:116,1
DA:117,1
DA:118,1
DA:119,1
DA:120,1
DA:123,1
DA:124,1
DA:125,1
DA:126,1
DA:127,1
DA:128,1
DA:129,1
DA:130,1
DA:131,1
DA:132,1
DA:135,1
DA:136,1
DA:137,1
DA:138,1
DA:139,1
DA:140,1
DA:141,1
DA:143,1
DA:145,1
DA:148,1
DA:149,1
DA:150,1
DA:151,1
DA:153,1
DA:155,1
DA:158,1
DA:159,1
DA:160,1
DA:161,1
DA:162,1
DA:163,1
DA:164,1
DA:166,1
DA:167,1
DA:168,1
DA:169,1
DA:171,1
DA:174,1
DA:175,1
DA:176,1
DA:177,1
DA:178,1
DA:181,1
DA:182,1
DA:183,1
DA:184,1
DA:185,1
DA:188,1
DA:189,1
DA:190,1
DA:191,1
DA:192,1
DA:195,1
DA:196,1
DA:197,1
DA:198,1
DA:199,1
BRF:0
BRH:0
LF:135
LH:127
end_of_record
SF:/home/lewis/src/vel-bsl/crates/vo-storage/src/lib.rs
FN:21,_RINvCs3hyqjBMWnBp_10vo_storage12append_eventpEB2_
FNDA:0,_RINvCs3hyqjBMWnBp_10vo_storage12append_eventpEB2_
FNF:1
FNH:0
DA:21,0
DA:22,0
DA:23,0
BRF:0
BRH:0
LF:3
LH:0
end_of_record
SF:/home/lewis/src/vel-bsl/crates/vo-types/src/errors.rs
FN:54,_RNvNtNtCscmktnBvsI4H_8vo_types6errors5testss_51parse_error_empty_displays_type_name_when_formatted
FN:123,_RNvNtNtCscmktnBvsI4H_8vo_types6errors5testss_55parse_error_out_of_range_displays_bounds_when_formatted
FN:104,_RNvNtNtCscmktnBvsI4H_8vo_types6errors5testss_56parse_error_not_an_integer_displays_input_when_formatted
FN:114,_RNvNtNtCscmktnBvsI4H_8vo_types6errors5testss_56parse_error_zero_value_displays_type_name_when_formatted
FN:73,_RNvNtNtCscmktnBvsI4H_8vo_types6errors5testss_57parse_error_invalid_format_displays_reason_when_formatted
FN:94,_RNvNtNtCscmktnBvsI4H_8vo_types6errors5testss_61parse_error_boundary_violation_displays_reason_when_formatted
FN:83,_RNvNtNtCscmktnBvsI4H_8vo_types6errors5testss_61parse_error_exceeds_max_length_displays_bounds_when_formatted
FN:63,_RNvNtNtCscmktnBvsI4H_8vo_types6errors5testss_62parse_error_invalid_characters_displays_details_when_formatted
FNDA:1,_RNvNtNtCscmktnBvsI4H_8vo_types6errors5testss_51parse_error_empty_displays_type_name_when_formatted
FNDA:1,_RNvNtNtCscmktnBvsI4H_8vo_types6errors5testss_55parse_error_out_of_range_displays_bounds_when_formatted
FNDA:1,_RNvNtNtCscmktnBvsI4H_8vo_types6errors5testss_56parse_error_not_an_integer_displays_input_when_formatted
FNDA:1,_RNvNtNtCscmktnBvsI4H_8vo_types6errors5testss_56parse_error_zero_value_displays_type_name_when_formatted
FNDA:1,_RNvNtNtCscmktnBvsI4H_8vo_types6errors5testss_57parse_error_invalid_format_displays_reason_when_formatted
FNDA:1,_RNvNtNtCscmktnBvsI4H_8vo_types6errors5testss_61parse_error_boundary_violation_displays_reason_when_formatted
FNDA:1,_RNvNtNtCscmktnBvsI4H_8vo_types6errors5testss_61parse_error_exceeds_max_length_displays_bounds_when_formatted
FNDA:1,_RNvNtNtCscmktnBvsI4H_8vo_types6errors5testss_62parse_error_invalid_characters_displays_details_when_formatted
FNF:8
FNH:8
DA:54,1
DA:55,1
DA:56,1
DA:57,1
DA:58,1
DA:59,1
DA:60,1
DA:63,1
DA:64,1
DA:65,1
DA:66,1
DA:67,1
DA:68,1
DA:69,1
DA:70,1
DA:73,1
DA:74,1
DA:75,1
DA:76,1
DA:77,1
DA:78,1
DA:79,1
DA:80,1
DA:83,1
DA:84,1
DA:85,1
DA:86,1
DA:87,1
DA:88,1
DA:89,1
DA:90,1
DA:91,1
DA:94,1
DA:95,1
DA:96,1
DA:97,1
DA:98,1
DA:99,1
DA:100,1
DA:101,1
DA:104,1
DA:105,1
DA:106,1
DA:107,1
DA:108,1
DA:109,1
DA:110,1
DA:111,1
DA:114,1
DA:115,1
DA:116,1
DA:117,1
DA:118,1
DA:119,1
DA:120,1
DA:123,1
DA:124,1
DA:125,1
DA:126,1
DA:127,1
DA:128,1
DA:129,1
DA:130,1
DA:131,1
DA:132,1
BRF:0
BRH:0
LF:65
LH:65
end_of_record
SF:/home/lewis/src/vel-bsl/crates/vo-types/src/events.rs
FN:78,_RNCNvMNtCscr0jGAzFRLZ_8vo_types6eventsNtB4_13EventEnvelope8from_strs0_0B6_
FN:83,_RNCNvMNtCscr0jGAzFRLZ_8vo_types6eventsNtB4_13EventEnvelope8from_strs1_0B6_
FN:85,_RNCNvMNtCscr0jGAzFRLZ_8vo_types6eventsNtB4_13EventEnvelope8from_strs2_0B6_
FN:90,_RNCNvMNtCscr0jGAzFRLZ_8vo_types6eventsNtB4_13EventEnvelope8from_strs3_0B6_
FN:92,_RNCNvMNtCscr0jGAzFRLZ_8vo_types6eventsNtB4_13EventEnvelope8from_strs4_0B6_
FN:98,_RNCNvMNtCscr0jGAzFRLZ_8vo_types6eventsNtB4_13EventEnvelope8from_strs5_0B6_
FN:100,_RNCNvMNtCscr0jGAzFRLZ_8vo_types6eventsNtB4_13EventEnvelope8from_strs6_0B6_
FN:106,_RNCNvMNtCscr0jGAzFRLZ_8vo_types6eventsNtB4_13EventEnvelope8from_strs7_0B6_
FN:110,_RNCNvMNtCscr0jGAzFRLZ_8vo_types6eventsNtB4_13EventEnvelope8from_strs8_0B6_
FN:112,_RNCNvMNtCscr0jGAzFRLZ_8vo_types6eventsNtB4_13EventEnvelope8from_strs9_0B6_
FN:76,_RNCNvMNtCscr0jGAzFRLZ_8vo_types6eventsNtB4_13EventEnvelope8from_strs_0B6_
FN:209,_RNCNvMs_NtCscr0jGAzFRLZ_8vo_types6eventsNtB6_12EventPayload13try_from_json0B8_
FN:213,_RNCNvMs_NtCscr0jGAzFRLZ_8vo_types6eventsNtB6_12EventPayload13try_from_jsons0_0B8_
FN:222,_RNCNvMs_NtCscr0jGAzFRLZ_8vo_types6eventsNtB6_12EventPayload13try_from_jsons1_0B8_
FN:226,_RNCNvMs_NtCscr0jGAzFRLZ_8vo_types6eventsNtB6_12EventPayload13try_from_jsons2_0B8_
FN:235,_RNCNvMs_NtCscr0jGAzFRLZ_8vo_types6eventsNtB6_12EventPayload13try_from_jsons3_0B8_
FN:239,_RNCNvMs_NtCscr0jGAzFRLZ_8vo_types6eventsNtB6_12EventPayload13try_from_jsons4_0B8_
FN:245,_RNCNvMs_NtCscr0jGAzFRLZ_8vo_types6eventsNtB6_12EventPayload13try_from_jsons5_0B8_
FN:247,_RNCNvMs_NtCscr0jGAzFRLZ_8vo_types6eventsNtB6_12EventPayload13try_from_jsons6_0B8_
FN:260,_RNCNvMs_NtCscr0jGAzFRLZ_8vo_types6eventsNtB6_12EventPayload13try_from_jsons7_0B8_
FN:264,_RNCNvMs_NtCscr0jGAzFRLZ_8vo_types6eventsNtB6_12EventPayload13try_from_jsons8_0B8_
FN:270,_RNCNvMs_NtCscr0jGAzFRLZ_8vo_types6eventsNtB6_12EventPayload13try_from_jsons9_0B8_
FN:416,_RNCNvMs_NtCscr0jGAzFRLZ_8vo_types6eventsNtB6_12EventPayload13try_from_jsonsA_0B8_
FN:429,_RNCNvMs_NtCscr0jGAzFRLZ_8vo_types6eventsNtB6_12EventPayload13try_from_jsonsB_0B8_
FN:433,_RNCNvMs_NtCscr0jGAzFRLZ_8vo_types6eventsNtB6_12EventPayload13try_from_jsonsC_0B8_
FN:439,_RNCNvMs_NtCscr0jGAzFRLZ_8vo_types6eventsNtB6_12EventPayload13try_from_jsonsD_0B8_
FN:441,_RNCNvMs_NtCscr0jGAzFRLZ_8vo_types6eventsNtB6_12EventPayload13try_from_jsonsE_0B8_
FN:447,_RNCNvMs_NtCscr0jGAzFRLZ_8vo_types6eventsNtB6_12EventPayload13try_from_jsonsF_0B8_
FN:449,_RNCNvMs_NtCscr0jGAzFRLZ_8vo_types6eventsNtB6_12EventPayload13try_from_jsonsG_0B8_
FN:461,_RNCNvMs_NtCscr0jGAzFRLZ_8vo_types6eventsNtB6_12EventPayload13try_from_jsonsH_0B8_
FN:465,_RNCNvMs_NtCscr0jGAzFRLZ_8vo_types6eventsNtB6_12EventPayload13try_from_jsonsI_0B8_
FN:471,_RNCNvMs_NtCscr0jGAzFRLZ_8vo_types6eventsNtB6_12EventPayload13try_from_jsonsJ_0B8_
FN:473,_RNCNvMs_NtCscr0jGAzFRLZ_8vo_types6eventsNtB6_12EventPayload13try_from_jsonsK_0B8_
FN:479,_RNCNvMs_NtCscr0jGAzFRLZ_8vo_types6eventsNtB6_12EventPayload13try_from_jsonsL_0B8_
FN:481,_RNCNvMs_NtCscr0jGAzFRLZ_8vo_types6eventsNtB6_12EventPayload13try_from_jsonsM_0B8_
FN:493,_RNCNvMs_NtCscr0jGAzFRLZ_8vo_types6eventsNtB6_12EventPayload13try_from_jsonsN_0B8_
FN:497,_RNCNvMs_NtCscr0jGAzFRLZ_8vo_types6eventsNtB6_12EventPayload13try_from_jsonsO_0B8_
FN:503,_RNCNvMs_NtCscr0jGAzFRLZ_8vo_types6eventsNtB6_12EventPayload13try_from_jsonsP_0B8_
FN:505,_RNCNvMs_NtCscr0jGAzFRLZ_8vo_types6eventsNtB6_12EventPayload13try_from_jsonsQ_0B8_
FN:517,_RNCNvMs_NtCscr0jGAzFRLZ_8vo_types6eventsNtB6_12EventPayload13try_from_jsonsR_0B8_
FN:521,_RNCNvMs_NtCscr0jGAzFRLZ_8vo_types6eventsNtB6_12EventPayload13try_from_jsonsS_0B8_
FN:527,_RNCNvMs_NtCscr0jGAzFRLZ_8vo_types6eventsNtB6_12EventPayload13try_from_jsonsT_0B8_
FN:529,_RNCNvMs_NtCscr0jGAzFRLZ_8vo_types6eventsNtB6_12EventPayload13try_from_jsonsU_0B8_
FN:211,_RNCNvMs_NtCscr0jGAzFRLZ_8vo_types6eventsNtB6_12EventPayload13try_from_jsons_0B8_
FN:272,_RNCNvMs_NtCscr0jGAzFRLZ_8vo_types6eventsNtB6_12EventPayload13try_from_jsonsa_0B8_
FN:284,_RNCNvMs_NtCscr0jGAzFRLZ_8vo_types6eventsNtB6_12EventPayload13try_from_jsonsb_0B8_
FN:288,_RNCNvMs_NtCscr0jGAzFRLZ_8vo_types6eventsNtB6_12EventPayload13try_from_jsonsc_0B8_
FN:294,_RNCNvMs_NtCscr0jGAzFRLZ_8vo_types6eventsNtB6_12EventPayload13try_from_jsonsd_0B8_
FN:296,_RNCNvMs_NtCscr0jGAzFRLZ_8vo_types6eventsNtB6_12EventPayload13try_from_jsonse_0B8_
FN:308,_RNCNvMs_NtCscr0jGAzFRLZ_8vo_types6eventsNtB6_12EventPayload13try_from_jsonsf_0B8_
FN:312,_RNCNvMs_NtCscr0jGAzFRLZ_8vo_types6eventsNtB6_12EventPayload13try_from_jsonsg_0B8_
FN:318,_RNCNvMs_NtCscr0jGAzFRLZ_8vo_types6eventsNtB6_12EventPayload13try_from_jsonsh_0B8_
FN:320,_RNCNvMs_NtCscr0jGAzFRLZ_8vo_types6eventsNtB6_12EventPayload13try_from_jsonsi_0B8_
FN:332,_RNCNvMs_NtCscr0jGAzFRLZ_8vo_types6eventsNtB6_12EventPayload13try_from_jsonsj_0B8_
FN:336,_RNCNvMs_NtCscr0jGAzFRLZ_8vo_types6eventsNtB6_12EventPayload13try_from_jsonsk_0B8_
FN:342,_RNCNvMs_NtCscr0jGAzFRLZ_8vo_types6eventsNtB6_12EventPayload13try_from_jsonsl_0B8_
FN:344,_RNCNvMs_NtCscr0jGAzFRLZ_8vo_types6eventsNtB6_12EventPayload13try_from_jsonsm_0B8_
FN:350,_RNCNvMs_NtCscr0jGAzFRLZ_8vo_types6eventsNtB6_12EventPayload13try_from_jsonsn_0B8_
FN:352,_RNCNvMs_NtCscr0jGAzFRLZ_8vo_types6eventsNtB6_12EventPayload13try_from_jsonso_0B8_
FN:364,_RNCNvMs_NtCscr0jGAzFRLZ_8vo_types6eventsNtB6_12EventPayload13try_from_jsonsp_0B8_
FN:368,_RNCNvMs_NtCscr0jGAzFRLZ_8vo_types6eventsNtB6_12EventPayload13try_from_jsonsq_0B8_
FN:374,_RNCNvMs_NtCscr0jGAzFRLZ_8vo_types6eventsNtB6_12EventPayload13try_from_jsonsr_0B8_
FN:376,_RNCNvMs_NtCscr0jGAzFRLZ_8vo_types6eventsNtB6_12EventPayload13try_from_jsonss_0B8_
FN:382,_RNCNvMs_NtCscr0jGAzFRLZ_8vo_types6eventsNtB6_12EventPayload13try_from_jsonst_0B8_
FN:384,_RNCNvMs_NtCscr0jGAzFRLZ_8vo_types6eventsNtB6_12EventPayload13try_from_jsonsu_0B8_
FN:396,_RNCNvMs_NtCscr0jGAzFRLZ_8vo_types6eventsNtB6_12EventPayload13try_from_jsonsv_0B8_
FN:400,_RNCNvMs_NtCscr0jGAzFRLZ_8vo_types6eventsNtB6_12EventPayload13try_from_jsonsw_0B8_
FN:406,_RNCNvMs_NtCscr0jGAzFRLZ_8vo_types6eventsNtB6_12EventPayload13try_from_jsonsx_0B8_
FN:408,_RNCNvMs_NtCscr0jGAzFRLZ_8vo_types6eventsNtB6_12EventPayload13try_from_jsonsy_0B8_
FN:414,_RNCNvMs_NtCscr0jGAzFRLZ_8vo_types6eventsNtB6_12EventPayload13try_from_jsonsz_0B8_
FN:560,_RNCNvNtCscr0jGAzFRLZ_8vo_types6events12decode_event0B5_
FN:64,_RNvMNtCscr0jGAzFRLZ_8vo_types6eventsNtB2_13EventEnvelope10from_bytes
FN:140,_RNvMNtCscr0jGAzFRLZ_8vo_types6eventsNtB2_13EventEnvelope12is_supported
FN:70,_RNvMNtCscr0jGAzFRLZ_8vo_types6eventsNtB2_13EventEnvelope8from_str
FN:202,_RNvMs_NtCscr0jGAzFRLZ_8vo_types6eventsNtB4_12EventPayload13try_from_json
FN:541,_RNvMs_NtCscr0jGAzFRLZ_8vo_types6eventsNtB4_12EventPayload20is_version_supported
FN:546,_RNvNtCscr0jGAzFRLZ_8vo_types6events12decode_event
FN:1004,_RNvNtNtCscmktnBvsI4H_8vo_types6events5testss_42proptest_envelope_roundtrip_preserves_data
FN:1116,_RNvNtNtCscmktnBvsI4H_8vo_types6events5testss_45proptest_metadata_is_always_object_on_success
FN:1048,_RNvNtNtCscmktnBvsI4H_8vo_types6events5testss_47proptest_sequence_is_always_positive_on_success
FN:1082,_RNvNtNtCscmktnBvsI4H_8vo_types6events5testss_50proptest_instance_id_is_always_nonempty_on_success
FN:697,_RNvNtNtCscmktnBvsI4H_8vo_types6events5testss_53envelope_from_str_returns_ok_when_input_is_valid_json
FN:724,_RNvNtNtCscmktnBvsI4H_8vo_types6events5testss_54envelope_is_supported_returns_true_when_version_is_one
FN:570,_RNvNtNtCscmktnBvsI4H_8vo_types6events5testss_55envelope_from_bytes_returns_ok_when_input_is_valid_json
FN:737,_RNvNtNtCscmktnBvsI4H_8vo_types6events5testss_55envelope_is_supported_returns_false_when_version_is_two
FN:711,_RNvNtNtCscmktnBvsI4H_8vo_types6events5testss_55envelope_is_supported_returns_true_when_version_is_zero
FN:971,_RNvNtNtCscmktnBvsI4H_8vo_types6events5testss_59decode_event_returns_ok_when_envelope_and_payload_are_valid
FN:956,_RNvNtNtCscmktnBvsI4H_8vo_types6events5testss_61payload_is_version_supported_returns_true_when_version_is_one
FN:961,_RNvNtNtCscmktnBvsI4H_8vo_types6events5testss_62payload_is_version_supported_returns_false_when_version_is_two
FN:951,_RNvNtNtCscmktnBvsI4H_8vo_types6events5testss_62payload_is_version_supported_returns_true_when_version_is_zero
FN:857,_RNvNtNtCscmktnBvsI4H_8vo_types6events5testss_62payload_try_from_json_returns_timer_set_when_type_is_timer_set
FN:966,_RNvNtNtCscmktnBvsI4H_8vo_types6events5testss_65payload_is_version_supported_returns_false_when_version_is_u8_max
FN:990,_RNvNtNtCscmktnBvsI4H_8vo_types6events5testss_66decode_event_returns_payload_decode_failed_when_payload_is_invalid
FN:843,_RNvNtNtCscmktnBvsI4H_8vo_types6events5testss_66payload_try_from_json_returns_step_failed_when_type_is_step_failed
FN:871,_RNvNtNtCscmktnBvsI4H_8vo_types6events5testss_66payload_try_from_json_returns_timer_fired_when_type_is_timer_fired
FN:815,_RNvNtNtCscmktnBvsI4H_8vo_types6events5testss_68payload_try_from_json_returns_step_started_when_type_is_step_started
FN:983,_RNvNtNtCscmktnBvsI4H_8vo_types6events5testss_70decode_event_returns_envelope_decode_failed_when_envelope_is_malformed
FN:588,_RNvNtNtCscmktnBvsI4H_8vo_types6events5testss_71envelope_from_bytes_returns_invalid_input_when_bytes_are_not_valid_utf8
FN:930,_RNvNtNtCscmktnBvsI4H_8vo_types6events5testss_71payload_try_from_json_returns_missing_payload_field_when_type_is_absent
FN:669,_RNvNtNtCscmktnBvsI4H_8vo_types6events5testss_72envelope_from_bytes_returns_invalid_envelope_field_when_sequence_is_zero
FN:704,_RNvNtNtCscmktnBvsI4H_8vo_types6events5testss_72envelope_from_str_returns_invalid_envelope_format_when_json_is_malformed
FN:829,_RNvNtNtCscmktnBvsI4H_8vo_types6events5testss_72payload_try_from_json_returns_step_completed_when_type_is_step_completed
FN:802,_RNvNtNtCscmktnBvsI4H_8vo_types6events5testss_72payload_try_from_json_returns_step_scheduled_when_type_is_step_scheduled
FN:635,_RNvNtNtCscmktnBvsI4H_8vo_types6events5testss_73envelope_from_bytes_returns_missing_envelope_field_when_payload_is_absent
FN:595,_RNvNtNtCscmktnBvsI4H_8vo_types6events5testss_73envelope_from_bytes_returns_missing_envelope_field_when_version_is_absent
FN:581,_RNvNtNtCscmktnBvsI4H_8vo_types6events5testss_74envelope_from_bytes_returns_invalid_envelope_format_when_json_is_malformed
FN:645,_RNvNtNtCscmktnBvsI4H_8vo_types6events5testss_74envelope_from_bytes_returns_missing_envelope_field_when_metadata_is_absent
FN:615,_RNvNtNtCscmktnBvsI4H_8vo_types6events5testss_74envelope_from_bytes_returns_missing_envelope_field_when_sequence_is_absent
FN:776,_RNvNtNtCscmktnBvsI4H_8vo_types6events5testss_74payload_try_from_json_returns_workflow_failed_when_type_is_workflow_failed
FN:944,_RNvNtNtCscmktnBvsI4H_8vo_types6events5testss_75payload_try_from_json_returns_invalid_payload_format_when_json_is_malformed
FN:662,_RNvNtNtCscmktnBvsI4H_8vo_types6events5testss_76envelope_from_bytes_returns_invalid_envelope_field_when_instance_id_is_empty
FN:885,_RNvNtNtCscmktnBvsI4H_8vo_types6events5testss_76payload_try_from_json_returns_cancel_requested_when_type_is_cancel_requested
FN:898,_RNvNtNtCscmktnBvsI4H_8vo_types6events5testss_76payload_try_from_json_returns_instance_resumed_when_type_is_instance_resumed
FN:911,_RNvNtNtCscmktnBvsI4H_8vo_types6events5testss_76payload_try_from_json_returns_unknown_payload_type_when_type_is_unrecognized
FN:750,_RNvNtNtCscmktnBvsI4H_8vo_types6events5testss_76payload_try_from_json_returns_workflow_started_when_type_is_workflow_started
FN:997,_RNvNtNtCscmktnBvsI4H_8vo_types6events5testss_77decode_event_returns_payload_decode_skipped_when_envelope_version_exceeds_max
FN:605,_RNvNtNtCscmktnBvsI4H_8vo_types6events5testss_77envelope_from_bytes_returns_missing_envelope_field_when_instance_id_is_absent
FN:690,_RNvNtNtCscmktnBvsI4H_8vo_types6events5testss_78envelope_from_bytes_returns_invalid_envelope_field_when_metadata_is_not_object
FN:655,_RNvNtNtCscmktnBvsI4H_8vo_types6events5testss_78envelope_from_bytes_returns_invalid_envelope_field_when_version_is_not_integer
FN:625,_RNvNtNtCscmktnBvsI4H_8vo_types6events5testss_78envelope_from_bytes_returns_missing_envelope_field_when_timestamp_ms_is_absent
FN:683,_RNvNtNtCscmktnBvsI4H_8vo_types6events5testss_79envelope_from_bytes_returns_unsupported_envelope_version_when_version_is_u8_max
FN:937,_RNvNtNtCscmktnBvsI4H_8vo_types6events5testss_80payload_try_from_json_returns_invalid_payload_field_when_variant_field_is_absent
FN:789,_RNvNtNtCscmktnBvsI4H_8vo_types6events5testss_80payload_try_from_json_returns_workflow_cancelled_when_type_is_workflow_cancelled
FN:763,_RNvNtNtCscmktnBvsI4H_8vo_types6events5testss_80payload_try_from_json_returns_workflow_completed_when_type_is_workflow_completed
FN:676,_RNvNtNtCscmktnBvsI4H_8vo_types6events5testss_81envelope_from_bytes_returns_unsupported_envelope_version_when_version_exceeds_max
FN:922,_RNvNtNtCscmktnBvsI4H_8vo_types6events5testss_82payload_try_from_json_returns_unsupported_payload_version_when_version_exceeds_max
FN:64,_RNvMNtCscmktnBvsI4H_8vo_types6eventsNtB2_13EventEnvelope10from_bytes
FN:140,_RNvMNtCscmktnBvsI4H_8vo_types6eventsNtB2_13EventEnvelope12is_supported
FN:70,_RNvMNtCscmktnBvsI4H_8vo_types6eventsNtB2_13EventEnvelope8from_str
FN:202,_RNvMs_NtCscmktnBvsI4H_8vo_types6eventsNtB4_12EventPayload13try_from_json
FN:541,_RNvMs_NtCscmktnBvsI4H_8vo_types6eventsNtB4_12EventPayload20is_version_supported
FN:546,_RNvNtCscmktnBvsI4H_8vo_types6events12decode_event
FN:78,_RNCNvMNtCscmktnBvsI4H_8vo_types6eventsNtB4_13EventEnvelope8from_strs0_0B6_
FN:83,_RNCNvMNtCscmktnBvsI4H_8vo_types6eventsNtB4_13EventEnvelope8from_strs1_0B6_
FN:85,_RNCNvMNtCscmktnBvsI4H_8vo_types6eventsNtB4_13EventEnvelope8from_strs2_0B6_
FN:90,_RNCNvMNtCscmktnBvsI4H_8vo_types6eventsNtB4_13EventEnvelope8from_strs3_0B6_
FN:92,_RNCNvMNtCscmktnBvsI4H_8vo_types6eventsNtB4_13EventEnvelope8from_strs4_0B6_
FN:98,_RNCNvMNtCscmktnBvsI4H_8vo_types6eventsNtB4_13EventEnvelope8from_strs5_0B6_
FN:100,_RNCNvMNtCscmktnBvsI4H_8vo_types6eventsNtB4_13EventEnvelope8from_strs6_0B6_
FN:106,_RNCNvMNtCscmktnBvsI4H_8vo_types6eventsNtB4_13EventEnvelope8from_strs7_0B6_
FN:110,_RNCNvMNtCscmktnBvsI4H_8vo_types6eventsNtB4_13EventEnvelope8from_strs8_0B6_
FN:112,_RNCNvMNtCscmktnBvsI4H_8vo_types6eventsNtB4_13EventEnvelope8from_strs9_0B6_
FN:76,_RNCNvMNtCscmktnBvsI4H_8vo_types6eventsNtB4_13EventEnvelope8from_strs_0B6_
FN:209,_RNCNvMs_NtCscmktnBvsI4H_8vo_types6eventsNtB6_12EventPayload13try_from_json0B8_
FN:213,_RNCNvMs_NtCscmktnBvsI4H_8vo_types6eventsNtB6_12EventPayload13try_from_jsons0_0B8_
FN:222,_RNCNvMs_NtCscmktnBvsI4H_8vo_types6eventsNtB6_12EventPayload13try_from_jsons1_0B8_
FN:226,_RNCNvMs_NtCscmktnBvsI4H_8vo_types6eventsNtB6_12EventPayload13try_from_jsons2_0B8_
FN:235,_RNCNvMs_NtCscmktnBvsI4H_8vo_types6eventsNtB6_12EventPayload13try_from_jsons3_0B8_
FN:239,_RNCNvMs_NtCscmktnBvsI4H_8vo_types6eventsNtB6_12EventPayload13try_from_jsons4_0B8_
FN:245,_RNCNvMs_NtCscmktnBvsI4H_8vo_types6eventsNtB6_12EventPayload13try_from_jsons5_0B8_
FN:247,_RNCNvMs_NtCscmktnBvsI4H_8vo_types6eventsNtB6_12EventPayload13try_from_jsons6_0B8_
FN:260,_RNCNvMs_NtCscmktnBvsI4H_8vo_types6eventsNtB6_12EventPayload13try_from_jsons7_0B8_
FN:264,_RNCNvMs_NtCscmktnBvsI4H_8vo_types6eventsNtB6_12EventPayload13try_from_jsons8_0B8_
FN:270,_RNCNvMs_NtCscmktnBvsI4H_8vo_types6eventsNtB6_12EventPayload13try_from_jsons9_0B8_
FN:416,_RNCNvMs_NtCscmktnBvsI4H_8vo_types6eventsNtB6_12EventPayload13try_from_jsonsA_0B8_
FN:429,_RNCNvMs_NtCscmktnBvsI4H_8vo_types6eventsNtB6_12EventPayload13try_from_jsonsB_0B8_
FN:433,_RNCNvMs_NtCscmktnBvsI4H_8vo_types6eventsNtB6_12EventPayload13try_from_jsonsC_0B8_
FN:439,_RNCNvMs_NtCscmktnBvsI4H_8vo_types6eventsNtB6_12EventPayload13try_from_jsonsD_0B8_
FN:441,_RNCNvMs_NtCscmktnBvsI4H_8vo_types6eventsNtB6_12EventPayload13try_from_jsonsE_0B8_
FN:447,_RNCNvMs_NtCscmktnBvsI4H_8vo_types6eventsNtB6_12EventPayload13try_from_jsonsF_0B8_
FN:449,_RNCNvMs_NtCscmktnBvsI4H_8vo_types6eventsNtB6_12EventPayload13try_from_jsonsG_0B8_
FN:461,_RNCNvMs_NtCscmktnBvsI4H_8vo_types6eventsNtB6_12EventPayload13try_from_jsonsH_0B8_
FN:465,_RNCNvMs_NtCscmktnBvsI4H_8vo_types6eventsNtB6_12EventPayload13try_from_jsonsI_0B8_
FN:471,_RNCNvMs_NtCscmktnBvsI4H_8vo_types6eventsNtB6_12EventPayload13try_from_jsonsJ_0B8_
FN:473,_RNCNvMs_NtCscmktnBvsI4H_8vo_types6eventsNtB6_12EventPayload13try_from_jsonsK_0B8_
FN:479,_RNCNvMs_NtCscmktnBvsI4H_8vo_types6eventsNtB6_12EventPayload13try_from_jsonsL_0B8_
FN:481,_RNCNvMs_NtCscmktnBvsI4H_8vo_types6eventsNtB6_12EventPayload13try_from_jsonsM_0B8_
FN:493,_RNCNvMs_NtCscmktnBvsI4H_8vo_types6eventsNtB6_12EventPayload13try_from_jsonsN_0B8_
FN:497,_RNCNvMs_NtCscmktnBvsI4H_8vo_types6eventsNtB6_12EventPayload13try_from_jsonsO_0B8_
FN:503,_RNCNvMs_NtCscmktnBvsI4H_8vo_types6eventsNtB6_12EventPayload13try_from_jsonsP_0B8_
FN:505,_RNCNvMs_NtCscmktnBvsI4H_8vo_types6eventsNtB6_12EventPayload13try_from_jsonsQ_0B8_
FN:517,_RNCNvMs_NtCscmktnBvsI4H_8vo_types6eventsNtB6_12EventPayload13try_from_jsonsR_0B8_
FN:521,_RNCNvMs_NtCscmktnBvsI4H_8vo_types6eventsNtB6_12EventPayload13try_from_jsonsS_0B8_
FN:527,_RNCNvMs_NtCscmktnBvsI4H_8vo_types6eventsNtB6_12EventPayload13try_from_jsonsT_0B8_
FN:529,_RNCNvMs_NtCscmktnBvsI4H_8vo_types6eventsNtB6_12EventPayload13try_from_jsonsU_0B8_
FN:211,_RNCNvMs_NtCscmktnBvsI4H_8vo_types6eventsNtB6_12EventPayload13try_from_jsons_0B8_
FN:272,_RNCNvMs_NtCscmktnBvsI4H_8vo_types6eventsNtB6_12EventPayload13try_from_jsonsa_0B8_
FN:284,_RNCNvMs_NtCscmktnBvsI4H_8vo_types6eventsNtB6_12EventPayload13try_from_jsonsb_0B8_
FN:288,_RNCNvMs_NtCscmktnBvsI4H_8vo_types6eventsNtB6_12EventPayload13try_from_jsonsc_0B8_
FN:294,_RNCNvMs_NtCscmktnBvsI4H_8vo_types6eventsNtB6_12EventPayload13try_from_jsonsd_0B8_
FN:296,_RNCNvMs_NtCscmktnBvsI4H_8vo_types6eventsNtB6_12EventPayload13try_from_jsonse_0B8_
FN:308,_RNCNvMs_NtCscmktnBvsI4H_8vo_types6eventsNtB6_12EventPayload13try_from_jsonsf_0B8_
FN:312,_RNCNvMs_NtCscmktnBvsI4H_8vo_types6eventsNtB6_12EventPayload13try_from_jsonsg_0B8_
FN:318,_RNCNvMs_NtCscmktnBvsI4H_8vo_types6eventsNtB6_12EventPayload13try_from_jsonsh_0B8_
FN:320,_RNCNvMs_NtCscmktnBvsI4H_8vo_types6eventsNtB6_12EventPayload13try_from_jsonsi_0B8_
FN:332,_RNCNvMs_NtCscmktnBvsI4H_8vo_types6eventsNtB6_12EventPayload13try_from_jsonsj_0B8_
FN:336,_RNCNvMs_NtCscmktnBvsI4H_8vo_types6eventsNtB6_12EventPayload13try_from_jsonsk_0B8_
FN:342,_RNCNvMs_NtCscmktnBvsI4H_8vo_types6eventsNtB6_12EventPayload13try_from_jsonsl_0B8_
FN:344,_RNCNvMs_NtCscmktnBvsI4H_8vo_types6eventsNtB6_12EventPayload13try_from_jsonsm_0B8_
FN:350,_RNCNvMs_NtCscmktnBvsI4H_8vo_types6eventsNtB6_12EventPayload13try_from_jsonsn_0B8_
FN:352,_RNCNvMs_NtCscmktnBvsI4H_8vo_types6eventsNtB6_12EventPayload13try_from_jsonso_0B8_
FN:364,_RNCNvMs_NtCscmktnBvsI4H_8vo_types6eventsNtB6_12EventPayload13try_from_jsonsp_0B8_
FN:368,_RNCNvMs_NtCscmktnBvsI4H_8vo_types6eventsNtB6_12EventPayload13try_from_jsonsq_0B8_
FN:374,_RNCNvMs_NtCscmktnBvsI4H_8vo_types6eventsNtB6_12EventPayload13try_from_jsonsr_0B8_
FN:376,_RNCNvMs_NtCscmktnBvsI4H_8vo_types6eventsNtB6_12EventPayload13try_from_jsonss_0B8_
FN:382,_RNCNvMs_NtCscmktnBvsI4H_8vo_types6eventsNtB6_12EventPayload13try_from_jsonst_0B8_
FN:384,_RNCNvMs_NtCscmktnBvsI4H_8vo_types6eventsNtB6_12EventPayload13try_from_jsonsu_0B8_
FN:396,_RNCNvMs_NtCscmktnBvsI4H_8vo_types6eventsNtB6_12EventPayload13try_from_jsonsv_0B8_
FN:400,_RNCNvMs_NtCscmktnBvsI4H_8vo_types6eventsNtB6_12EventPayload13try_from_jsonsw_0B8_
FN:406,_RNCNvMs_NtCscmktnBvsI4H_8vo_types6eventsNtB6_12EventPayload13try_from_jsonsx_0B8_
FN:408,_RNCNvMs_NtCscmktnBvsI4H_8vo_types6eventsNtB6_12EventPayload13try_from_jsonsy_0B8_
FN:414,_RNCNvMs_NtCscmktnBvsI4H_8vo_types6eventsNtB6_12EventPayload13try_from_jsonsz_0B8_
FN:560,_RNCNvNtCscmktnBvsI4H_8vo_types6events12decode_event0B5_
FNDA:0,_RNCNvMNtCscr0jGAzFRLZ_8vo_types6eventsNtB4_13EventEnvelope8from_strs0_0B6_
FNDA:0,_RNCNvMNtCscr0jGAzFRLZ_8vo_types6eventsNtB4_13EventEnvelope8from_strs1_0B6_
FNDA:0,_RNCNvMNtCscr0jGAzFRLZ_8vo_types6eventsNtB4_13EventEnvelope8from_strs2_0B6_
FNDA:0,_RNCNvMNtCscr0jGAzFRLZ_8vo_types6eventsNtB4_13EventEnvelope8from_strs3_0B6_
FNDA:0,_RNCNvMNtCscr0jGAzFRLZ_8vo_types6eventsNtB4_13EventEnvelope8from_strs4_0B6_
FNDA:0,_RNCNvMNtCscr0jGAzFRLZ_8vo_types6eventsNtB4_13EventEnvelope8from_strs5_0B6_
FNDA:0,_RNCNvMNtCscr0jGAzFRLZ_8vo_types6eventsNtB4_13EventEnvelope8from_strs6_0B6_
FNDA:0,_RNCNvMNtCscr0jGAzFRLZ_8vo_types6eventsNtB4_13EventEnvelope8from_strs7_0B6_
FNDA:0,_RNCNvMNtCscr0jGAzFRLZ_8vo_types6eventsNtB4_13EventEnvelope8from_strs8_0B6_
FNDA:0,_RNCNvMNtCscr0jGAzFRLZ_8vo_types6eventsNtB4_13EventEnvelope8from_strs9_0B6_
FNDA:0,_RNCNvMNtCscr0jGAzFRLZ_8vo_types6eventsNtB4_13EventEnvelope8from_strs_0B6_
FNDA:0,_RNCNvMs_NtCscr0jGAzFRLZ_8vo_types6eventsNtB6_12EventPayload13try_from_json0B8_
FNDA:0,_RNCNvMs_NtCscr0jGAzFRLZ_8vo_types6eventsNtB6_12EventPayload13try_from_jsons0_0B8_
FNDA:0,_RNCNvMs_NtCscr0jGAzFRLZ_8vo_types6eventsNtB6_12EventPayload13try_from_jsons1_0B8_
FNDA:0,_RNCNvMs_NtCscr0jGAzFRLZ_8vo_types6eventsNtB6_12EventPayload13try_from_jsons2_0B8_
FNDA:0,_RNCNvMs_NtCscr0jGAzFRLZ_8vo_types6eventsNtB6_12EventPayload13try_from_jsons3_0B8_
FNDA:0,_RNCNvMs_NtCscr0jGAzFRLZ_8vo_types6eventsNtB6_12EventPayload13try_from_jsons4_0B8_
FNDA:0,_RNCNvMs_NtCscr0jGAzFRLZ_8vo_types6eventsNtB6_12EventPayload13try_from_jsons5_0B8_
FNDA:0,_RNCNvMs_NtCscr0jGAzFRLZ_8vo_types6eventsNtB6_12EventPayload13try_from_jsons6_0B8_
FNDA:0,_RNCNvMs_NtCscr0jGAzFRLZ_8vo_types6eventsNtB6_12EventPayload13try_from_jsons7_0B8_
FNDA:0,_RNCNvMs_NtCscr0jGAzFRLZ_8vo_types6eventsNtB6_12EventPayload13try_from_jsons8_0B8_
FNDA:0,_RNCNvMs_NtCscr0jGAzFRLZ_8vo_types6eventsNtB6_12EventPayload13try_from_jsons9_0B8_
FNDA:0,_RNCNvMs_NtCscr0jGAzFRLZ_8vo_types6eventsNtB6_12EventPayload13try_from_jsonsA_0B8_
FNDA:0,_RNCNvMs_NtCscr0jGAzFRLZ_8vo_types6eventsNtB6_12EventPayload13try_from_jsonsB_0B8_
FNDA:0,_RNCNvMs_NtCscr0jGAzFRLZ_8vo_types6eventsNtB6_12EventPayload13try_from_jsonsC_0B8_
FNDA:0,_RNCNvMs_NtCscr0jGAzFRLZ_8vo_types6eventsNtB6_12EventPayload13try_from_jsonsD_0B8_
FNDA:0,_RNCNvMs_NtCscr0jGAzFRLZ_8vo_types6eventsNtB6_12EventPayload13try_from_jsonsE_0B8_
FNDA:0,_RNCNvMs_NtCscr0jGAzFRLZ_8vo_types6eventsNtB6_12EventPayload13try_from_jsonsF_0B8_
FNDA:0,_RNCNvMs_NtCscr0jGAzFRLZ_8vo_types6eventsNtB6_12EventPayload13try_from_jsonsG_0B8_
FNDA:0,_RNCNvMs_NtCscr0jGAzFRLZ_8vo_types6eventsNtB6_12EventPayload13try_from_jsonsH_0B8_
FNDA:0,_RNCNvMs_NtCscr0jGAzFRLZ_8vo_types6eventsNtB6_12EventPayload13try_from_jsonsI_0B8_
FNDA:0,_RNCNvMs_NtCscr0jGAzFRLZ_8vo_types6eventsNtB6_12EventPayload13try_from_jsonsJ_0B8_
FNDA:0,_RNCNvMs_NtCscr0jGAzFRLZ_8vo_types6eventsNtB6_12EventPayload13try_from_jsonsK_0B8_
FNDA:0,_RNCNvMs_NtCscr0jGAzFRLZ_8vo_types6eventsNtB6_12EventPayload13try_from_jsonsL_0B8_
FNDA:0,_RNCNvMs_NtCscr0jGAzFRLZ_8vo_types6eventsNtB6_12EventPayload13try_from_jsonsM_0B8_
FNDA:0,_RNCNvMs_NtCscr0jGAzFRLZ_8vo_types6eventsNtB6_12EventPayload13try_from_jsonsN_0B8_
FNDA:0,_RNCNvMs_NtCscr0jGAzFRLZ_8vo_types6eventsNtB6_12EventPayload13try_from_jsonsO_0B8_
FNDA:0,_RNCNvMs_NtCscr0jGAzFRLZ_8vo_types6eventsNtB6_12EventPayload13try_from_jsonsP_0B8_
FNDA:0,_RNCNvMs_NtCscr0jGAzFRLZ_8vo_types6eventsNtB6_12EventPayload13try_from_jsonsQ_0B8_
FNDA:0,_RNCNvMs_NtCscr0jGAzFRLZ_8vo_types6eventsNtB6_12EventPayload13try_from_jsonsR_0B8_
FNDA:0,_RNCNvMs_NtCscr0jGAzFRLZ_8vo_types6eventsNtB6_12EventPayload13try_from_jsonsS_0B8_
FNDA:0,_RNCNvMs_NtCscr0jGAzFRLZ_8vo_types6eventsNtB6_12EventPayload13try_from_jsonsT_0B8_
FNDA:0,_RNCNvMs_NtCscr0jGAzFRLZ_8vo_types6eventsNtB6_12EventPayload13try_from_jsonsU_0B8_
FNDA:0,_RNCNvMs_NtCscr0jGAzFRLZ_8vo_types6eventsNtB6_12EventPayload13try_from_jsons_0B8_
FNDA:0,_RNCNvMs_NtCscr0jGAzFRLZ_8vo_types6eventsNtB6_12EventPayload13try_from_jsonsa_0B8_
FNDA:0,_RNCNvMs_NtCscr0jGAzFRLZ_8vo_types6eventsNtB6_12EventPayload13try_from_jsonsb_0B8_
FNDA:0,_RNCNvMs_NtCscr0jGAzFRLZ_8vo_types6eventsNtB6_12EventPayload13try_from_jsonsc_0B8_
FNDA:0,_RNCNvMs_NtCscr0jGAzFRLZ_8vo_types6eventsNtB6_12EventPayload13try_from_jsonsd_0B8_
FNDA:0,_RNCNvMs_NtCscr0jGAzFRLZ_8vo_types6eventsNtB6_12EventPayload13try_from_jsonse_0B8_
FNDA:0,_RNCNvMs_NtCscr0jGAzFRLZ_8vo_types6eventsNtB6_12EventPayload13try_from_jsonsf_0B8_
FNDA:0,_RNCNvMs_NtCscr0jGAzFRLZ_8vo_types6eventsNtB6_12EventPayload13try_from_jsonsg_0B8_
FNDA:0,_RNCNvMs_NtCscr0jGAzFRLZ_8vo_types6eventsNtB6_12EventPayload13try_from_jsonsh_0B8_
FNDA:0,_RNCNvMs_NtCscr0jGAzFRLZ_8vo_types6eventsNtB6_12EventPayload13try_from_jsonsi_0B8_
FNDA:0,_RNCNvMs_NtCscr0jGAzFRLZ_8vo_types6eventsNtB6_12EventPayload13try_from_jsonsj_0B8_
FNDA:0,_RNCNvMs_NtCscr0jGAzFRLZ_8vo_types6eventsNtB6_12EventPayload13try_from_jsonsk_0B8_
FNDA:0,_RNCNvMs_NtCscr0jGAzFRLZ_8vo_types6eventsNtB6_12EventPayload13try_from_jsonsl_0B8_
FNDA:0,_RNCNvMs_NtCscr0jGAzFRLZ_8vo_types6eventsNtB6_12EventPayload13try_from_jsonsm_0B8_
FNDA:0,_RNCNvMs_NtCscr0jGAzFRLZ_8vo_types6eventsNtB6_12EventPayload13try_from_jsonsn_0B8_
FNDA:0,_RNCNvMs_NtCscr0jGAzFRLZ_8vo_types6eventsNtB6_12EventPayload13try_from_jsonso_0B8_
FNDA:0,_RNCNvMs_NtCscr0jGAzFRLZ_8vo_types6eventsNtB6_12EventPayload13try_from_jsonsp_0B8_
FNDA:0,_RNCNvMs_NtCscr0jGAzFRLZ_8vo_types6eventsNtB6_12EventPayload13try_from_jsonsq_0B8_
FNDA:0,_RNCNvMs_NtCscr0jGAzFRLZ_8vo_types6eventsNtB6_12EventPayload13try_from_jsonsr_0B8_
FNDA:0,_RNCNvMs_NtCscr0jGAzFRLZ_8vo_types6eventsNtB6_12EventPayload13try_from_jsonss_0B8_
FNDA:0,_RNCNvMs_NtCscr0jGAzFRLZ_8vo_types6eventsNtB6_12EventPayload13try_from_jsonst_0B8_
FNDA:0,_RNCNvMs_NtCscr0jGAzFRLZ_8vo_types6eventsNtB6_12EventPayload13try_from_jsonsu_0B8_
FNDA:0,_RNCNvMs_NtCscr0jGAzFRLZ_8vo_types6eventsNtB6_12EventPayload13try_from_jsonsv_0B8_
FNDA:0,_RNCNvMs_NtCscr0jGAzFRLZ_8vo_types6eventsNtB6_12EventPayload13try_from_jsonsw_0B8_
FNDA:0,_RNCNvMs_NtCscr0jGAzFRLZ_8vo_types6eventsNtB6_12EventPayload13try_from_jsonsx_0B8_
FNDA:0,_RNCNvMs_NtCscr0jGAzFRLZ_8vo_types6eventsNtB6_12EventPayload13try_from_jsonsy_0B8_
FNDA:0,_RNCNvMs_NtCscr0jGAzFRLZ_8vo_types6eventsNtB6_12EventPayload13try_from_jsonsz_0B8_
FNDA:0,_RNCNvNtCscr0jGAzFRLZ_8vo_types6events12decode_event0B5_
FNDA:0,_RNvMNtCscr0jGAzFRLZ_8vo_types6eventsNtB2_13EventEnvelope10from_bytes
FNDA:0,_RNvMNtCscr0jGAzFRLZ_8vo_types6eventsNtB2_13EventEnvelope12is_supported
FNDA:0,_RNvMNtCscr0jGAzFRLZ_8vo_types6eventsNtB2_13EventEnvelope8from_str
FNDA:0,_RNvMs_NtCscr0jGAzFRLZ_8vo_types6eventsNtB4_12EventPayload13try_from_json
FNDA:0,_RNvMs_NtCscr0jGAzFRLZ_8vo_types6eventsNtB4_12EventPayload20is_version_supported
FNDA:0,_RNvNtCscr0jGAzFRLZ_8vo_types6events12decode_event
FNDA:1,_RNvNtNtCscmktnBvsI4H_8vo_types6events5testss_42proptest_envelope_roundtrip_preserves_data
FNDA:1,_RNvNtNtCscmktnBvsI4H_8vo_types6events5testss_45proptest_metadata_is_always_object_on_success
FNDA:1,_RNvNtNtCscmktnBvsI4H_8vo_types6events5testss_47proptest_sequence_is_always_positive_on_success
FNDA:1,_RNvNtNtCscmktnBvsI4H_8vo_types6events5testss_50proptest_instance_id_is_always_nonempty_on_success
FNDA:1,_RNvNtNtCscmktnBvsI4H_8vo_types6events5testss_53envelope_from_str_returns_ok_when_input_is_valid_json
FNDA:1,_RNvNtNtCscmktnBvsI4H_8vo_types6events5testss_54envelope_is_supported_returns_true_when_version_is_one
FNDA:1,_RNvNtNtCscmktnBvsI4H_8vo_types6events5testss_55envelope_from_bytes_returns_ok_when_input_is_valid_json
FNDA:1,_RNvNtNtCscmktnBvsI4H_8vo_types6events5testss_55envelope_is_supported_returns_false_when_version_is_two
FNDA:1,_RNvNtNtCscmktnBvsI4H_8vo_types6events5testss_55envelope_is_supported_returns_true_when_version_is_zero
FNDA:1,_RNvNtNtCscmktnBvsI4H_8vo_types6events5testss_59decode_event_returns_ok_when_envelope_and_payload_are_valid
FNDA:1,_RNvNtNtCscmktnBvsI4H_8vo_types6events5testss_61payload_is_version_supported_returns_true_when_version_is_one
FNDA:1,_RNvNtNtCscmktnBvsI4H_8vo_types6events5testss_62payload_is_version_supported_returns_false_when_version_is_two
FNDA:1,_RNvNtNtCscmktnBvsI4H_8vo_types6events5testss_62payload_is_version_supported_returns_true_when_version_is_zero
FNDA:1,_RNvNtNtCscmktnBvsI4H_8vo_types6events5testss_62payload_try_from_json_returns_timer_set_when_type_is_timer_set
FNDA:1,_RNvNtNtCscmktnBvsI4H_8vo_types6events5testss_65payload_is_version_supported_returns_false_when_version_is_u8_max
FNDA:1,_RNvNtNtCscmktnBvsI4H_8vo_types6events5testss_66decode_event_returns_payload_decode_failed_when_payload_is_invalid
FNDA:1,_RNvNtNtCscmktnBvsI4H_8vo_types6events5testss_66payload_try_from_json_returns_step_failed_when_type_is_step_failed
FNDA:1,_RNvNtNtCscmktnBvsI4H_8vo_types6events5testss_66payload_try_from_json_returns_timer_fired_when_type_is_timer_fired
FNDA:1,_RNvNtNtCscmktnBvsI4H_8vo_types6events5testss_68payload_try_from_json_returns_step_started_when_type_is_step_started
FNDA:1,_RNvNtNtCscmktnBvsI4H_8vo_types6events5testss_70decode_event_returns_envelope_decode_failed_when_envelope_is_malformed
FNDA:1,_RNvNtNtCscmktnBvsI4H_8vo_types6events5testss_71envelope_from_bytes_returns_invalid_input_when_bytes_are_not_valid_utf8
FNDA:1,_RNvNtNtCscmktnBvsI4H_8vo_types6events5testss_71payload_try_from_json_returns_missing_payload_field_when_type_is_absent
FNDA:1,_RNvNtNtCscmktnBvsI4H_8vo_types6events5testss_72envelope_from_bytes_returns_invalid_envelope_field_when_sequence_is_zero
FNDA:1,_RNvNtNtCscmktnBvsI4H_8vo_types6events5testss_72envelope_from_str_returns_invalid_envelope_format_when_json_is_malformed
FNDA:1,_RNvNtNtCscmktnBvsI4H_8vo_types6events5testss_72payload_try_from_json_returns_step_completed_when_type_is_step_completed
FNDA:1,_RNvNtNtCscmktnBvsI4H_8vo_types6events5testss_72payload_try_from_json_returns_step_scheduled_when_type_is_step_scheduled
FNDA:1,_RNvNtNtCscmktnBvsI4H_8vo_types6events5testss_73envelope_from_bytes_returns_missing_envelope_field_when_payload_is_absent
FNDA:1,_RNvNtNtCscmktnBvsI4H_8vo_types6events5testss_73envelope_from_bytes_returns_missing_envelope_field_when_version_is_absent
FNDA:1,_RNvNtNtCscmktnBvsI4H_8vo_types6events5testss_74envelope_from_bytes_returns_invalid_envelope_format_when_json_is_malformed
FNDA:1,_RNvNtNtCscmktnBvsI4H_8vo_types6events5testss_74envelope_from_bytes_returns_missing_envelope_field_when_metadata_is_absent
FNDA:1,_RNvNtNtCscmktnBvsI4H_8vo_types6events5testss_74envelope_from_bytes_returns_missing_envelope_field_when_sequence_is_absent
FNDA:1,_RNvNtNtCscmktnBvsI4H_8vo_types6events5testss_74payload_try_from_json_returns_workflow_failed_when_type_is_workflow_failed
FNDA:1,_RNvNtNtCscmktnBvsI4H_8vo_types6events5testss_75payload_try_from_json_returns_invalid_payload_format_when_json_is_malformed
FNDA:1,_RNvNtNtCscmktnBvsI4H_8vo_types6events5testss_76envelope_from_bytes_returns_invalid_envelope_field_when_instance_id_is_empty
FNDA:1,_RNvNtNtCscmktnBvsI4H_8vo_types6events5testss_76payload_try_from_json_returns_cancel_requested_when_type_is_cancel_requested
FNDA:1,_RNvNtNtCscmktnBvsI4H_8vo_types6events5testss_76payload_try_from_json_returns_instance_resumed_when_type_is_instance_resumed
FNDA:1,_RNvNtNtCscmktnBvsI4H_8vo_types6events5testss_76payload_try_from_json_returns_unknown_payload_type_when_type_is_unrecognized
FNDA:1,_RNvNtNtCscmktnBvsI4H_8vo_types6events5testss_76payload_try_from_json_returns_workflow_started_when_type_is_workflow_started
FNDA:1,_RNvNtNtCscmktnBvsI4H_8vo_types6events5testss_77decode_event_returns_payload_decode_skipped_when_envelope_version_exceeds_max
FNDA:1,_RNvNtNtCscmktnBvsI4H_8vo_types6events5testss_77envelope_from_bytes_returns_missing_envelope_field_when_instance_id_is_absent
FNDA:1,_RNvNtNtCscmktnBvsI4H_8vo_types6events5testss_78envelope_from_bytes_returns_invalid_envelope_field_when_metadata_is_not_object
FNDA:1,_RNvNtNtCscmktnBvsI4H_8vo_types6events5testss_78envelope_from_bytes_returns_invalid_envelope_field_when_version_is_not_integer
FNDA:1,_RNvNtNtCscmktnBvsI4H_8vo_types6events5testss_78envelope_from_bytes_returns_missing_envelope_field_when_timestamp_ms_is_absent
FNDA:1,_RNvNtNtCscmktnBvsI4H_8vo_types6events5testss_79envelope_from_bytes_returns_unsupported_envelope_version_when_version_is_u8_max
FNDA:1,_RNvNtNtCscmktnBvsI4H_8vo_types6events5testss_80payload_try_from_json_returns_invalid_payload_field_when_variant_field_is_absent
FNDA:1,_RNvNtNtCscmktnBvsI4H_8vo_types6events5testss_80payload_try_from_json_returns_workflow_cancelled_when_type_is_workflow_cancelled
FNDA:1,_RNvNtNtCscmktnBvsI4H_8vo_types6events5testss_80payload_try_from_json_returns_workflow_completed_when_type_is_workflow_completed
FNDA:1,_RNvNtNtCscmktnBvsI4H_8vo_types6events5testss_81envelope_from_bytes_returns_unsupported_envelope_version_when_version_exceeds_max
FNDA:1,_RNvNtNtCscmktnBvsI4H_8vo_types6events5testss_82payload_try_from_json_returns_unsupported_payload_version_when_version_exceeds_max
FNDA:36,_RNvMNtCscmktnBvsI4H_8vo_types6eventsNtB2_13EventEnvelope10from_bytes
FNDA:11,_RNvMNtCscmktnBvsI4H_8vo_types6eventsNtB2_13EventEnvelope12is_supported
FNDA:39,_RNvMNtCscmktnBvsI4H_8vo_types6eventsNtB2_13EventEnvelope8from_str
FNDA:75,_RNvMs_NtCscmktnBvsI4H_8vo_types6eventsNtB4_12EventPayload13try_from_json
FNDA:10,_RNvMs_NtCscmktnBvsI4H_8vo_types6eventsNtB4_12EventPayload20is_version_supported
FNDA:4,_RNvNtCscmktnBvsI4H_8vo_types6events12decode_event
FNDA:1,_RNCNvMNtCscmktnBvsI4H_8vo_types6eventsNtB4_13EventEnvelope8from_strs0_0B6_
FNDA:1,_RNCNvMNtCscmktnBvsI4H_8vo_types6eventsNtB4_13EventEnvelope8from_strs1_0B6_
FNDA:0,_RNCNvMNtCscmktnBvsI4H_8vo_types6eventsNtB4_13EventEnvelope8from_strs2_0B6_
FNDA:1,_RNCNvMNtCscmktnBvsI4H_8vo_types6eventsNtB4_13EventEnvelope8from_strs3_0B6_
FNDA:1,_RNCNvMNtCscmktnBvsI4H_8vo_types6eventsNtB4_13EventEnvelope8from_strs4_0B6_
FNDA:1,_RNCNvMNtCscmktnBvsI4H_8vo_types6eventsNtB4_13EventEnvelope8from_strs5_0B6_
FNDA:1,_RNCNvMNtCscmktnBvsI4H_8vo_types6eventsNtB4_13EventEnvelope8from_strs6_0B6_
FNDA:1,_RNCNvMNtCscmktnBvsI4H_8vo_types6eventsNtB4_13EventEnvelope8from_strs7_0B6_
FNDA:1,_RNCNvMNtCscmktnBvsI4H_8vo_types6eventsNtB4_13EventEnvelope8from_strs8_0B6_
FNDA:5,_RNCNvMNtCscmktnBvsI4H_8vo_types6eventsNtB4_13EventEnvelope8from_strs9_0B6_
FNDA:1,_RNCNvMNtCscmktnBvsI4H_8vo_types6eventsNtB4_13EventEnvelope8from_strs_0B6_
FNDA:1,_RNCNvMs_NtCscmktnBvsI4H_8vo_types6eventsNtB6_12EventPayload13try_from_json0B8_
FNDA:73,_RNCNvMs_NtCscmktnBvsI4H_8vo_types6eventsNtB6_12EventPayload13try_from_jsons0_0B8_
FNDA:2,_RNCNvMs_NtCscmktnBvsI4H_8vo_types6eventsNtB6_12EventPayload13try_from_jsons1_0B8_
FNDA:1,_RNCNvMs_NtCscmktnBvsI4H_8vo_types6eventsNtB6_12EventPayload13try_from_jsons2_0B8_
FNDA:1,_RNCNvMs_NtCscmktnBvsI4H_8vo_types6eventsNtB6_12EventPayload13try_from_jsons3_0B8_
FNDA:1,_RNCNvMs_NtCscmktnBvsI4H_8vo_types6eventsNtB6_12EventPayload13try_from_jsons4_0B8_
FNDA:1,_RNCNvMs_NtCscmktnBvsI4H_8vo_types6eventsNtB6_12EventPayload13try_from_jsons5_0B8_
FNDA:1,_RNCNvMs_NtCscmktnBvsI4H_8vo_types6eventsNtB6_12EventPayload13try_from_jsons6_0B8_
FNDA:1,_RNCNvMs_NtCscmktnBvsI4H_8vo_types6eventsNtB6_12EventPayload13try_from_jsons7_0B8_
FNDA:1,_RNCNvMs_NtCscmktnBvsI4H_8vo_types6eventsNtB6_12EventPayload13try_from_jsons8_0B8_
FNDA:1,_RNCNvMs_NtCscmktnBvsI4H_8vo_types6eventsNtB6_12EventPayload13try_from_jsons9_0B8_
FNDA:1,_RNCNvMs_NtCscmktnBvsI4H_8vo_types6eventsNtB6_12EventPayload13try_from_jsonsA_0B8_
FNDA:1,_RNCNvMs_NtCscmktnBvsI4H_8vo_types6eventsNtB6_12EventPayload13try_from_jsonsB_0B8_
FNDA:1,_RNCNvMs_NtCscmktnBvsI4H_8vo_types6eventsNtB6_12EventPayload13try_from_jsonsC_0B8_
FNDA:1,_RNCNvMs_NtCscmktnBvsI4H_8vo_types6eventsNtB6_12EventPayload13try_from_jsonsD_0B8_
FNDA:1,_RNCNvMs_NtCscmktnBvsI4H_8vo_types6eventsNtB6_12EventPayload13try_from_jsonsE_0B8_
FNDA:1,_RNCNvMs_NtCscmktnBvsI4H_8vo_types6eventsNtB6_12EventPayload13try_from_jsonsF_0B8_
FNDA:1,_RNCNvMs_NtCscmktnBvsI4H_8vo_types6eventsNtB6_12EventPayload13try_from_jsonsG_0B8_
FNDA:1,_RNCNvMs_NtCscmktnBvsI4H_8vo_types6eventsNtB6_12EventPayload13try_from_jsonsH_0B8_
FNDA:1,_RNCNvMs_NtCscmktnBvsI4H_8vo_types6eventsNtB6_12EventPayload13try_from_jsonsI_0B8_
FNDA:1,_RNCNvMs_NtCscmktnBvsI4H_8vo_types6eventsNtB6_12EventPayload13try_from_jsonsJ_0B8_
FNDA:1,_RNCNvMs_NtCscmktnBvsI4H_8vo_types6eventsNtB6_12EventPayload13try_from_jsonsK_0B8_
FNDA:1,_RNCNvMs_NtCscmktnBvsI4H_8vo_types6eventsNtB6_12EventPayload13try_from_jsonsL_0B8_
FNDA:1,_RNCNvMs_NtCscmktnBvsI4H_8vo_types6eventsNtB6_12EventPayload13try_from_jsonsM_0B8_
FNDA:1,_RNCNvMs_NtCscmktnBvsI4H_8vo_types6eventsNtB6_12EventPayload13try_from_jsonsN_0B8_
FNDA:1,_RNCNvMs_NtCscmktnBvsI4H_8vo_types6eventsNtB6_12EventPayload13try_from_jsonsO_0B8_
FNDA:1,_RNCNvMs_NtCscmktnBvsI4H_8vo_types6eventsNtB6_12EventPayload13try_from_jsonsP_0B8_
FNDA:1,_RNCNvMs_NtCscmktnBvsI4H_8vo_types6eventsNtB6_12EventPayload13try_from_jsonsQ_0B8_
FNDA:1,_RNCNvMs_NtCscmktnBvsI4H_8vo_types6eventsNtB6_12EventPayload13try_from_jsonsR_0B8_
FNDA:1,_RNCNvMs_NtCscmktnBvsI4H_8vo_types6eventsNtB6_12EventPayload13try_from_jsonsS_0B8_
FNDA:1,_RNCNvMs_NtCscmktnBvsI4H_8vo_types6eventsNtB6_12EventPayload13try_from_jsonsT_0B8_
FNDA:1,_RNCNvMs_NtCscmktnBvsI4H_8vo_types6eventsNtB6_12EventPayload13try_from_jsonsU_0B8_
FNDA:0,_RNCNvMs_NtCscmktnBvsI4H_8vo_types6eventsNtB6_12EventPayload13try_from_jsons_0B8_
FNDA:1,_RNCNvMs_NtCscmktnBvsI4H_8vo_types6eventsNtB6_12EventPayload13try_from_jsonsa_0B8_
FNDA:1,_RNCNvMs_NtCscmktnBvsI4H_8vo_types6eventsNtB6_12EventPayload13try_from_jsonsb_0B8_
FNDA:1,_RNCNvMs_NtCscmktnBvsI4H_8vo_types6eventsNtB6_12EventPayload13try_from_jsonsc_0B8_
FNDA:1,_RNCNvMs_NtCscmktnBvsI4H_8vo_types6eventsNtB6_12EventPayload13try_from_jsonsd_0B8_
FNDA:1,_RNCNvMs_NtCscmktnBvsI4H_8vo_types6eventsNtB6_12EventPayload13try_from_jsonse_0B8_
FNDA:1,_RNCNvMs_NtCscmktnBvsI4H_8vo_types6eventsNtB6_12EventPayload13try_from_jsonsf_0B8_
FNDA:1,_RNCNvMs_NtCscmktnBvsI4H_8vo_types6eventsNtB6_12EventPayload13try_from_jsonsg_0B8_
FNDA:1,_RNCNvMs_NtCscmktnBvsI4H_8vo_types6eventsNtB6_12EventPayload13try_from_jsonsh_0B8_
FNDA:1,_RNCNvMs_NtCscmktnBvsI4H_8vo_types6eventsNtB6_12EventPayload13try_from_jsonsi_0B8_
FNDA:1,_RNCNvMs_NtCscmktnBvsI4H_8vo_types6eventsNtB6_12EventPayload13try_from_jsonsj_0B8_
FNDA:1,_RNCNvMs_NtCscmktnBvsI4H_8vo_types6eventsNtB6_12EventPayload13try_from_jsonsk_0B8_
FNDA:1,_RNCNvMs_NtCscmktnBvsI4H_8vo_types6eventsNtB6_12EventPayload13try_from_jsonsl_0B8_
FNDA:1,_RNCNvMs_NtCscmktnBvsI4H_8vo_types6eventsNtB6_12EventPayload13try_from_jsonsm_0B8_
FNDA:1,_RNCNvMs_NtCscmktnBvsI4H_8vo_types6eventsNtB6_12EventPayload13try_from_jsonsn_0B8_
FNDA:1,_RNCNvMs_NtCscmktnBvsI4H_8vo_types6eventsNtB6_12EventPayload13try_from_jsonso_0B8_
FNDA:1,_RNCNvMs_NtCscmktnBvsI4H_8vo_types6eventsNtB6_12EventPayload13try_from_jsonsp_0B8_
FNDA:1,_RNCNvMs_NtCscmktnBvsI4H_8vo_types6eventsNtB6_12EventPayload13try_from_jsonsq_0B8_
FNDA:1,_RNCNvMs_NtCscmktnBvsI4H_8vo_types6eventsNtB6_12EventPayload13try_from_jsonsr_0B8_
FNDA:1,_RNCNvMs_NtCscmktnBvsI4H_8vo_types6eventsNtB6_12EventPayload13try_from_jsonss_0B8_
FNDA:1,_RNCNvMs_NtCscmktnBvsI4H_8vo_types6eventsNtB6_12EventPayload13try_from_jsonst_0B8_
FNDA:1,_RNCNvMs_NtCscmktnBvsI4H_8vo_types6eventsNtB6_12EventPayload13try_from_jsonsu_0B8_
FNDA:1,_RNCNvMs_NtCscmktnBvsI4H_8vo_types6eventsNtB6_12EventPayload13try_from_jsonsv_0B8_
FNDA:1,_RNCNvMs_NtCscmktnBvsI4H_8vo_types6eventsNtB6_12EventPayload13try_from_jsonsw_0B8_
FNDA:1,_RNCNvMs_NtCscmktnBvsI4H_8vo_types6eventsNtB6_12EventPayload13try_from_jsonsx_0B8_
FNDA:1,_RNCNvMs_NtCscmktnBvsI4H_8vo_types6eventsNtB6_12EventPayload13try_from_jsonsy_0B8_
FNDA:1,_RNCNvMs_NtCscmktnBvsI4H_8vo_types6eventsNtB6_12EventPayload13try_from_jsonsz_0B8_
FNDA:1,_RNCNvNtCscmktnBvsI4H_8vo_types6events12decode_event0B5_
FNF:126
FNH:124
DA:64,36
DA:65,36
DA:66,35
DA:67,36
DA:70,39
DA:71,36
DA:72,39
DA:74,36
DA:75,36
DA:76,36
DA:77,35
DA:78,35
DA:81,34
DA:82,34
DA:83,34
DA:84,33
DA:85,33
DA:86,33
DA:88,33
DA:89,33
DA:90,33
DA:91,32
DA:92,32
DA:93,1
DA:94,1
DA:96,31
DA:97,31
DA:98,31
DA:99,30
DA:100,30
DA:101,1
DA:102,1
DA:104,29
DA:105,29
DA:106,29
DA:108,28
DA:109,28
DA:110,28
DA:111,27
DA:112,27
DA:114,22
DA:115,2
DA:116,2
DA:117,2
DA:118,20
DA:120,20
DA:121,2
DA:122,2
DA:123,2
DA:124,18
DA:126,18
DA:127,3
DA:128,15
DA:130,15
DA:131,15
DA:132,15
DA:133,15
DA:134,15
DA:135,15
DA:136,15
DA:137,15
DA:138,39
DA:140,11
DA:141,11
DA:142,11
DA:202,75
DA:203,75
DA:204,75
DA:205,75
DA:207,74
DA:208,74
DA:209,74
DA:210,73
DA:211,73
DA:213,73
DA:214,73
DA:215,1
DA:216,72
DA:218,72
DA:219,72
DA:220,5
DA:221,5
DA:222,5
DA:223,2
DA:224,2
DA:225,3
DA:226,3
DA:227,1
DA:228,1
DA:229,2
DA:230,2
DA:232,67
DA:233,5
DA:234,5
DA:235,5
DA:236,1
DA:237,1
DA:238,4
DA:239,4
DA:240,1
DA:241,1
DA:242,3
DA:243,3
DA:244,3
DA:245,3
DA:246,2
DA:247,2
DA:248,1
DA:249,1
DA:250,1
DA:251,1
DA:252,1
DA:253,1
DA:254,1
DA:255,1
DA:257,62
DA:258,5
DA:259,5
DA:260,5
DA:261,1
DA:262,1
DA:263,4
DA:264,4
DA:265,1
DA:266,1
DA:267,3
DA:268,3
DA:269,3
DA:270,3
DA:271,2
DA:272,2
DA:273,1
DA:274,1
DA:275,1
DA:276,1
DA:277,1
DA:278,1
DA:279,1
DA:281,57
DA:282,5
DA:283,5
DA:284,5
DA:285,1
DA:286,1
DA:287,4
DA:288,4
DA:289,1
DA:290,1
DA:291,3
DA:292,3
DA:293,3
DA:294,3
DA:295,2
DA:296,2
DA:297,1
DA:298,1
DA:299,1
DA:300,1
DA:301,1
DA:302,1
DA:303,1
DA:305,52
DA:306,5
DA:307,5
DA:308,5
DA:309,1
DA:310,1
DA:311,4
DA:312,4
DA:313,1
DA:314,1
DA:315,3
DA:316,3
DA:317,3
DA:318,3
DA:319,2
DA:320,2
DA:321,1
DA:322,1
DA:323,1
DA:324,1
DA:325,1
DA:326,1
DA:327,1
DA:329,47
DA:330,7
DA:331,7
DA:332,7
DA:333,1
DA:334,1
DA:335,6
DA:336,6
DA:337,1
DA:338,1
DA:339,5
DA:340,5
DA:341,5
DA:342,5
DA:343,4
DA:344,4
DA:345,1
DA:346,1
DA:347,3
DA:348,3
DA:349,3
DA:350,3
DA:351,2
DA:352,2
DA:353,1
DA:354,1
DA:355,1
DA:356,1
DA:357,1
DA:358,1
DA:359,1
DA:361,40
DA:362,7
DA:363,7
DA:364,7
DA:365,1
DA:366,1
DA:367,6
DA:368,6
DA:369,1
DA:370,1
DA:371,5
DA:372,5
DA:373,5
DA:374,5
DA:375,4
DA:376,4
DA:377,1
DA:378,1
DA:379,3
DA:380,3
DA:381,3
DA:382,3
DA:383,2
DA:384,2
DA:385,1
DA:386,1
DA:387,1
DA:388,1
DA:389,1
DA:390,1
DA:391,1
DA:393,33
DA:394,7
DA:395,7
DA:396,7
DA:397,1
DA:398,1
DA:399,6
DA:400,6
DA:401,1
DA:402,1
DA:403,5
DA:404,5
DA:405,5
DA:406,5
DA:407,4
DA:408,4
DA:409,1
DA:410,1
DA:411,3
DA:412,3
DA:413,3
DA:414,3
DA:415,2
DA:416,2
DA:417,1
DA:418,1
DA:419,1
DA:420,1
DA:421,1
DA:422,1
DA:423,1
DA:424,1
DA:426,26
DA:427,7
DA:428,7
DA:429,7
DA:430,1
DA:431,1
DA:432,6
DA:433,6
DA:434,1
DA:435,1
DA:436,5
DA:437,5
DA:438,5
DA:439,5
DA:440,4
DA:441,4
DA:442,1
DA:443,1
DA:444,3
DA:445,3
DA:446,3
DA:447,3
DA:448,2
DA:449,2
DA:450,1
DA:451,1
DA:452,1
DA:453,1
DA:454,1
DA:455,1
DA:456,1
DA:458,19
DA:459,7
DA:460,7
DA:461,7
DA:462,1
DA:463,1
DA:464,6
DA:465,6
DA:466,1
DA:467,1
DA:468,5
DA:469,5
DA:470,5
DA:471,5
DA:472,4
DA:473,4
DA:474,1
DA:475,1
DA:476,3
DA:477,3
DA:478,3
DA:479,3
DA:480,2
DA:481,2
DA:482,1
DA:483,1
DA:484,1
DA:485,1
DA:486,1
DA:487,1
DA:488,1
DA:490,12
DA:491,5
DA:492,5
DA:493,5
DA:494,1
DA:495,1
DA:496,4
DA:497,4
DA:498,1
DA:499,1
DA:500,3
DA:501,3
DA:502,3
DA:503,3
DA:504,2
DA:505,2
DA:506,1
DA:507,1
DA:508,1
DA:509,1
DA:510,1
DA:511,1
DA:512,1
DA:514,7
DA:515,5
DA:516,5
DA:517,5
DA:518,1
DA:519,1
DA:520,4
DA:521,4
DA:522,1
DA:523,1
DA:524,3
DA:525,3
DA:526,3
DA:527,3
DA:528,2
DA:529,2
DA:530,1
DA:531,1
DA:532,1
DA:533,1
DA:534,1
DA:535,1
DA:537,2
DA:539,75
DA:541,10
DA:542,10
DA:543,10
DA:546,4
DA:547,4
DA:549,1
DA:551,1
DA:552,1
DA:554,2
DA:556,2
DA:557,0
DA:558,2
DA:559,2
DA:560,2
DA:561,1
DA:562,4
DA:570,1
DA:571,1
DA:572,1
DA:573,1
DA:574,1
DA:575,1
DA:576,1
DA:577,1
DA:578,1
DA:581,1
DA:582,1
DA:583,1
DA:584,1
DA:585,1
DA:588,1
DA:589,1
DA:590,1
DA:591,1
DA:592,1
DA:595,1
DA:596,1
DA:597,1
DA:598,1
DA:600,1
DA:602,1
DA:605,1
DA:606,1
DA:607,1
DA:608,1
DA:610,1
DA:612,1
DA:615,1
DA:616,1
DA:617,1
DA:618,1
DA:620,1
DA:622,1
DA:625,1
DA:626,1
DA:627,1
DA:628,1
DA:630,1
DA:632,1
DA:635,1
DA:636,1
DA:637,1
DA:638,1
DA:640,1
DA:642,1
DA:645,1
DA:646,1
DA:647,1
DA:648,1
DA:650,1
DA:652,1
DA:655,1
DA:656,1
DA:657,1
DA:658,1
DA:659,1
DA:662,1
DA:663,1
DA:664,1
DA:665,1
DA:666,1
DA:669,1
DA:670,1
DA:671,1
DA:672,1
DA:673,1
DA:676,1
DA:677,1
DA:678,1
DA:679,1
DA:680,1
DA:683,1
DA:684,1
DA:685,1
DA:686,1
DA:687,1
DA:690,1
DA:691,1
DA:692,1
DA:693,1
DA:694,1
DA:697,1
DA:698,1
DA:699,1
DA:700,1
DA:701,1
DA:704,1
DA:705,1
DA:706,1
DA:707,1
DA:708,1
DA:711,1
DA:712,1
DA:713,1
DA:714,1
DA:715,1
DA:716,1
DA:717,1
DA:718,1
DA:719,1
DA:720,1
DA:721,1
DA:724,1
DA:725,1
DA:726,1
DA:727,1
DA:728,1
DA:729,1
DA:730,1
DA:731,1
DA:732,1
DA:733,1
DA:734,1
DA:737,1
DA:738,1
DA:739,1
DA:740,1
DA:741,1
DA:742,1
DA:743,1
DA:744,1
DA:745,1
DA:746,1
DA:747,1
DA:750,1
DA:751,1
DA:752,1
DA:753,1
DA:754,1
DA:756,1
DA:757,1
DA:758,1
DA:760,1
DA:763,1
DA:764,1
DA:765,1
DA:766,1
DA:768,1
DA:769,1
DA:770,1
DA:771,1
DA:773,1
DA:776,1
DA:777,1
DA:778,1
DA:779,1
DA:781,1
DA:782,1
DA:783,1
DA:784,1
DA:786,1
DA:789,1
DA:790,1
DA:791,1
DA:792,1
DA:794,1
DA:795,1
DA:796,1
DA:797,1
DA:799,1
DA:802,1
DA:803,1
DA:804,1
DA:805,1
DA:807,1
DA:808,1
DA:809,1
DA:810,1
DA:812,1
DA:815,1
DA:816,1
DA:817,1
DA:818,1
DA:820,1
DA:821,1
DA:822,1
DA:823,1
DA:824,1
DA:826,1
DA:829,1
DA:830,1
DA:831,1
DA:832,1
DA:834,1
DA:835,1
DA:836,1
DA:837,1
DA:838,1
DA:840,1
DA:843,1
DA:844,1
DA:845,1
DA:846,1
DA:848,1
DA:849,1
DA:850,1
DA:851,1
DA:852,1
DA:854,1
DA:857,1
DA:858,1
DA:859,1
DA:860,1
DA:862,1
DA:863,1
DA:864,1
DA:865,1
DA:866,1
DA:868,1
DA:871,1
DA:872,1
DA:873,1
DA:874,1
DA:876,1
DA:877,1
DA:878,1
DA:879,1
DA:880,1
DA:882,1
DA:885,1
DA:886,1
DA:887,1
DA:888,1
DA:890,1
DA:891,1
DA:892,1
DA:893,1
DA:895,1
DA:898,1
DA:899,1
DA:900,1
DA:901,1
DA:903,1
DA:904,1
DA:905,1
DA:906,1
DA:908,1
DA:911,1
DA:912,1
DA:913,1
DA:914,1
DA:915,1
DA:917,1
DA:919,1
DA:922,1
DA:923,1
DA:924,1
DA:925,1
DA:926,1
DA:927,1
DA:930,1
DA:931,1
DA:932,1
DA:933,1
DA:934,1
DA:937,1
DA:938,1
DA:939,1
DA:940,1
DA:941,1
DA:944,1
DA:945,1
DA:946,1
DA:947,1
DA:948,1
DA:951,1
DA:952,1
DA:953,1
DA:956,1
DA:957,1
DA:958,1
DA:961,1
DA:962,1
DA:963,1
DA:966,1
DA:967,1
DA:968,1
DA:971,1
DA:972,1
DA:973,1
DA:974,1
DA:975,1
DA:976,1
DA:977,1
DA:978,1
DA:979,1
DA:980,1
DA:983,1
DA:984,1
DA:985,1
DA:986,1
DA:987,1
DA:990,1
DA:991,1
DA:992,1
DA:993,1
DA:994,1
DA:997,1
DA:998,1
DA:999,1
DA:1000,1
DA:1001,1
DA:1004,1
DA:1005,1
DA:1007,2
DA:1008,2
DA:1009,2
DA:1010,2
DA:1011,2
DA:1012,2
DA:1013,2
DA:1014,2
DA:1015,2
DA:1016,2
DA:1017,2
DA:1018,2
DA:1019,2
DA:1020,1
DA:1048,1
DA:1049,1
DA:1050,1
DA:1052,3
DA:1053,3
DA:1054,3
DA:1055,3
DA:1056,3
DA:1057,3
DA:1058,3
DA:1059,3
DA:1060,3
DA:1061,3
DA:1062,3
DA:1063,3
DA:1064,3
DA:1066,1
DA:1067,1
DA:1068,1
DA:1069,1
DA:1070,1
DA:1071,1
DA:1072,1
DA:1073,1
DA:1075,1
DA:1076,1
DA:1077,1
DA:1079,1
DA:1082,1
DA:1083,1
DA:1084,1
DA:1086,3
DA:1087,3
DA:1088,3
DA:1089,3
DA:1090,3
DA:1091,3
DA:1092,3
DA:1093,3
DA:1094,3
DA:1095,3
DA:1096,3
DA:1097,3
DA:1098,3
DA:1100,1
DA:1101,1
DA:1102,1
DA:1103,1
DA:1104,1
DA:1105,1
DA:1106,1
DA:1107,1
DA:1109,1
DA:1110,1
DA:1111,1
DA:1113,1
DA:1116,1
DA:1117,1
DA:1118,1
DA:1119,1
DA:1120,1
DA:1123,1
DA:1124,1
DA:1125,1
DA:1126,1
DA:1127,1
DA:1130,3
DA:1131,3
DA:1132,3
DA:1133,3
DA:1134,3
DA:1135,3
DA:1136,3
DA:1137,3
DA:1138,3
DA:1139,3
DA:1140,3
DA:1141,3
DA:1142,3
DA:1144,4
DA:1145,4
DA:1146,4
DA:1147,4
DA:1148,4
DA:1149,4
DA:1150,4
DA:1151,4
DA:1153,4
DA:1154,4
DA:1155,4
DA:1157,1
BRF:0
BRH:0
LF:929
LH:926
end_of_record
SF:/home/lewis/src/vel-bsl/crates/vo-types/src/integer_types.rs
FN:92,_RNvMNtCscr0jGAzFRLZ_8vo_types13integer_typesNtB2_14SequenceNumber13new_unchecked
FN:86,_RNvMNtCscr0jGAzFRLZ_8vo_types13integer_typesNtB2_14SequenceNumber5parse
FN:89,_RNvMNtCscr0jGAzFRLZ_8vo_types13integer_typesNtB2_14SequenceNumber6as_u64
FN:110,_RNvMs0_NtCscr0jGAzFRLZ_8vo_types13integer_typesNtB5_12EventVersion13new_unchecked
FN:104,_RNvMs0_NtCscr0jGAzFRLZ_8vo_types13integer_typesNtB5_12EventVersion5parse
FN:107,_RNvMs0_NtCscr0jGAzFRLZ_8vo_types13integer_typesNtB5_12EventVersion6as_u64
FN:123,_RNvMs1_NtCscr0jGAzFRLZ_8vo_types13integer_typesNtB5_13AttemptNumber13new_unchecked
FN:117,_RNvMs1_NtCscr0jGAzFRLZ_8vo_types13integer_typesNtB5_13AttemptNumber5parse
FN:120,_RNvMs1_NtCscr0jGAzFRLZ_8vo_types13integer_typesNtB5_13AttemptNumber6as_u64
FN:136,_RNvMs2_NtCscr0jGAzFRLZ_8vo_types13integer_typesNtB5_9TimeoutMs11to_duration
FN:139,_RNvMs2_NtCscr0jGAzFRLZ_8vo_types13integer_typesNtB5_9TimeoutMs13new_unchecked
FN:130,_RNvMs2_NtCscr0jGAzFRLZ_8vo_types13integer_typesNtB5_9TimeoutMs5parse
FN:133,_RNvMs2_NtCscr0jGAzFRLZ_8vo_types13integer_typesNtB5_9TimeoutMs6as_u64
FN:152,_RNvMs3_NtCscr0jGAzFRLZ_8vo_types13integer_typesNtB5_10DurationMs11to_duration
FN:146,_RNvMs3_NtCscr0jGAzFRLZ_8vo_types13integer_typesNtB5_10DurationMs5parse
FN:149,_RNvMs3_NtCscr0jGAzFRLZ_8vo_types13integer_typesNtB5_10DurationMs6as_u64
FN:165,_RNvMs4_NtCscr0jGAzFRLZ_8vo_types13integer_typesNtB5_11TimestampMs14to_system_time
FN:168,_RNvMs4_NtCscr0jGAzFRLZ_8vo_types13integer_typesNtB5_11TimestampMs3now
FN:159,_RNvMs4_NtCscr0jGAzFRLZ_8vo_types13integer_typesNtB5_11TimestampMs5parse
FN:162,_RNvMs4_NtCscr0jGAzFRLZ_8vo_types13integer_typesNtB5_11TimestampMs6as_u64
FN:188,_RNvMs5_NtCscr0jGAzFRLZ_8vo_types13integer_typesNtB5_8FireAtMs11has_elapsed
FN:185,_RNvMs5_NtCscr0jGAzFRLZ_8vo_types13integer_typesNtB5_8FireAtMs14to_system_time
FN:179,_RNvMs5_NtCscr0jGAzFRLZ_8vo_types13integer_typesNtB5_8FireAtMs5parse
FN:182,_RNvMs5_NtCscr0jGAzFRLZ_8vo_types13integer_typesNtB5_8FireAtMs6as_u64
FN:201,_RNvMs6_NtCscr0jGAzFRLZ_8vo_types13integer_typesNtB5_11MaxAttempts12is_exhausted
FN:204,_RNvMs6_NtCscr0jGAzFRLZ_8vo_types13integer_typesNtB5_11MaxAttempts13new_unchecked
FN:195,_RNvMs6_NtCscr0jGAzFRLZ_8vo_types13integer_typesNtB5_11MaxAttempts5parse
FN:198,_RNvMs6_NtCscr0jGAzFRLZ_8vo_types13integer_typesNtB5_11MaxAttempts6as_u64
FN:25,_RNvXs1A_NtCscr0jGAzFRLZ_8vo_types13integer_typesyINtNtCshE3Bd3PKlmN_4core7convert4FromNtB6_9TimeoutMsE4from
FN:35,_RNvXs1B_NtCscr0jGAzFRLZ_8vo_types13integer_typesNtB6_10DurationMsNtNtCshE3Bd3PKlmN_4core3fmt7Display3fmt
FN:41,_RNvXs1C_NtCscr0jGAzFRLZ_8vo_types13integer_typesNtB6_10DurationMsINtNtCshE3Bd3PKlmN_4core7convert7TryFromyE8try_from
FN:46,_RNvXs1D_NtCscr0jGAzFRLZ_8vo_types13integer_typesyINtNtCshE3Bd3PKlmN_4core7convert4FromNtB6_10DurationMsE4from
FN:35,_RNvXs1E_NtCscr0jGAzFRLZ_8vo_types13integer_typesNtB6_11TimestampMsNtNtCshE3Bd3PKlmN_4core3fmt7Display3fmt
FN:41,_RNvXs1F_NtCscr0jGAzFRLZ_8vo_types13integer_typesNtB6_11TimestampMsINtNtCshE3Bd3PKlmN_4core7convert7TryFromyE8try_from
FN:46,_RNvXs1G_NtCscr0jGAzFRLZ_8vo_types13integer_typesyINtNtCshE3Bd3PKlmN_4core7convert4FromNtB6_11TimestampMsE4from
FN:35,_RNvXs1H_NtCscr0jGAzFRLZ_8vo_types13integer_typesNtB6_8FireAtMsNtNtCshE3Bd3PKlmN_4core3fmt7Display3fmt
FN:41,_RNvXs1I_NtCscr0jGAzFRLZ_8vo_types13integer_typesNtB6_8FireAtMsINtNtCshE3Bd3PKlmN_4core7convert7TryFromyE8try_from
FN:46,_RNvXs1J_NtCscr0jGAzFRLZ_8vo_types13integer_typesyINtNtCshE3Bd3PKlmN_4core7convert4FromNtB6_8FireAtMsE4from
FN:13,_RNvXs1K_NtCscr0jGAzFRLZ_8vo_types13integer_typesNtB6_11MaxAttemptsNtNtCshE3Bd3PKlmN_4core3fmt7Display3fmt
FN:19,_RNvXs1L_NtCscr0jGAzFRLZ_8vo_types13integer_typesNtB6_11MaxAttemptsINtNtCshE3Bd3PKlmN_4core7convert7TryFromyE8try_from
FN:25,_RNvXs1M_NtCscr0jGAzFRLZ_8vo_types13integer_typesyINtNtCshE3Bd3PKlmN_4core7convert4FromNtB6_11MaxAttemptsE4from
FN:13,_RNvXs1p_NtCscr0jGAzFRLZ_8vo_types13integer_typesNtB6_14SequenceNumberNtNtCshE3Bd3PKlmN_4core3fmt7Display3fmt
FN:19,_RNvXs1q_NtCscr0jGAzFRLZ_8vo_types13integer_typesNtB6_14SequenceNumberINtNtCshE3Bd3PKlmN_4core7convert7TryFromyE8try_from
FN:25,_RNvXs1r_NtCscr0jGAzFRLZ_8vo_types13integer_typesyINtNtCshE3Bd3PKlmN_4core7convert4FromNtB6_14SequenceNumberE4from
FN:13,_RNvXs1s_NtCscr0jGAzFRLZ_8vo_types13integer_typesNtB6_12EventVersionNtNtCshE3Bd3PKlmN_4core3fmt7Display3fmt
FN:19,_RNvXs1t_NtCscr0jGAzFRLZ_8vo_types13integer_typesNtB6_12EventVersionINtNtCshE3Bd3PKlmN_4core7convert7TryFromyE8try_from
FN:25,_RNvXs1u_NtCscr0jGAzFRLZ_8vo_types13integer_typesyINtNtCshE3Bd3PKlmN_4core7convert4FromNtB6_12EventVersionE4from
FN:13,_RNvXs1v_NtCscr0jGAzFRLZ_8vo_types13integer_typesNtB6_13AttemptNumberNtNtCshE3Bd3PKlmN_4core3fmt7Display3fmt
FN:19,_RNvXs1w_NtCscr0jGAzFRLZ_8vo_types13integer_typesNtB6_13AttemptNumberINtNtCshE3Bd3PKlmN_4core7convert7TryFromyE8try_from
FN:25,_RNvXs1x_NtCscr0jGAzFRLZ_8vo_types13integer_typesyINtNtCshE3Bd3PKlmN_4core7convert4FromNtB6_13AttemptNumberE4from
FN:13,_RNvXs1y_NtCscr0jGAzFRLZ_8vo_types13integer_typesNtB6_9TimeoutMsNtNtCshE3Bd3PKlmN_4core3fmt7Display3fmt
FN:19,_RNvXs1z_NtCscr0jGAzFRLZ_8vo_types13integer_typesNtB6_9TimeoutMsINtNtCshE3Bd3PKlmN_4core7convert7TryFromyE8try_from
FN:172,_RNCNvMs4_NtCscr0jGAzFRLZ_8vo_types13integer_typesNtB7_11TimestampMs3now0B9_
FN:97,_RNvXs_NtCscmktnBvsI4H_8vo_types13integer_typesINtNtNtCshE3Bd3PKlmN_4core3num7nonzero7NonZeroyEINtNtBP_7convert4FromNtB4_14SequenceNumberE4from
FN:172,_RNCNvMs4_NtCscmktnBvsI4H_8vo_types13integer_typesNtB7_11TimestampMs3now0B9_
FN:973,_RNvNtNtCscmktnBvsI4H_8vo_types13integer_types5testss_25from_duration_ms_into_u64
FN:966,_RNvNtNtCscmktnBvsI4H_8vo_types13integer_types5testss_29from_sequence_number_into_u64
FN:952,_RNvNtNtCscmktnBvsI4H_8vo_types13integer_types5testss_30try_from_u64_duration_ms_valid
FN:958,_RNvNtNtCscmktnBvsI4H_8vo_types13integer_types5testss_32try_from_u64_duration_ms_nonzero
FN:742,_RNvNtNtCscmktnBvsI4H_8vo_types13integer_types5testss_33fire_at_ms_display_equals_decimal
FN:481,_RNvNtNtCscmktnBvsI4H_8vo_types13integer_types5testss_33timeout_ms_display_equals_decimal
FN:941,_RNvNtNtCscmktnBvsI4H_8vo_types13integer_types5testss_33try_from_u64_sequence_number_zero
FN:560,_RNvNtNtCscmktnBvsI4H_8vo_types13integer_types5testss_34duration_ms_display_equals_decimal
FN:917,_RNvNtNtCscmktnBvsI4H_8vo_types13integer_types5testss_34serde_round_trip_fire_at_ms_inline
FN:893,_RNvNtNtCscmktnBvsI4H_8vo_types13integer_types5testss_34serde_round_trip_timeout_ms_inline
FN:935,_RNvNtNtCscmktnBvsI4H_8vo_types13integer_types5testss_34try_from_u64_sequence_number_valid
FN:842,_RNvNtNtCscmktnBvsI4H_8vo_types13integer_types5testss_35max_attempts_display_equals_decimal
FN:901,_RNvNtNtCscmktnBvsI4H_8vo_types13integer_types5testss_35serde_round_trip_duration_ms_inline
FN:655,_RNvNtNtCscmktnBvsI4H_8vo_types13integer_types5testss_35timestamp_ms_display_equals_decimal
FN:332,_RNvNtNtCscmktnBvsI4H_8vo_types13integer_types5testss_36event_version_display_equals_decimal
FN:925,_RNvNtNtCscmktnBvsI4H_8vo_types13integer_types5testss_36serde_round_trip_max_attempts_inline
FN:909,_RNvNtNtCscmktnBvsI4H_8vo_types13integer_types5testss_36serde_round_trip_timestamp_ms_inline
FN:398,_RNvNtNtCscmktnBvsI4H_8vo_types13integer_types5testss_37attempt_number_display_equals_decimal
FN:877,_RNvNtNtCscmktnBvsI4H_8vo_types13integer_types5testss_37serde_round_trip_event_version_inline
FN:259,_RNvNtNtCscmktnBvsI4H_8vo_types13integer_types5testss_38sequence_number_display_equals_decimal
FN:885,_RNvNtNtCscmktnBvsI4H_8vo_types13integer_types5testss_38serde_round_trip_attempt_number_inline
FN:869,_RNvNtNtCscmktnBvsI4H_8vo_types13integer_types5testss_39serde_round_trip_sequence_number_inline
FN:670,_RNvNtNtCscmktnBvsI4H_8vo_types13integer_types5testss_42fire_at_ms_accepts_zero_when_input_is_zero
FN:431,_RNvNtNtCscmktnBvsI4H_8vo_types13integer_types5testss_42timeout_ms_accepts_minimum_when_value_is_1
FN:508,_RNvNtNtCscmktnBvsI4H_8vo_types13integer_types5testss_43duration_ms_accepts_zero_when_input_is_zero
FN:763,_RNvNtNtCscmktnBvsI4H_8vo_types13integer_types5testss_44max_attempts_accepts_minimum_when_value_is_1
FN:575,_RNvNtNtCscmktnBvsI4H_8vo_types13integer_types5testss_44timestamp_ms_accepts_zero_when_input_is_zero
FN:326,_RNvNtNtCscmktnBvsI4H_8vo_types13integer_types5testss_45event_version_accepts_minimum_when_value_is_1
FN:392,_RNvNtNtCscmktnBvsI4H_8vo_types13integer_types5testss_46attempt_number_accepts_minimum_when_value_is_1
FN:253,_RNvNtNtCscmktnBvsI4H_8vo_types13integer_types5testss_47sequence_number_accepts_minimum_when_value_is_1
FN:725,_RNvNtNtCscmktnBvsI4H_8vo_types13integer_types5testss_49fire_at_ms_accepts_u64_max_when_at_upper_boundary
FN:464,_RNvNtNtCscmktnBvsI4H_8vo_types13integer_types5testss_49timeout_ms_accepts_u64_max_when_at_upper_boundary
FN:520,_RNvNtNtCscmktnBvsI4H_8vo_types13integer_types5testss_50duration_ms_accepts_u64_max_when_at_upper_boundary
FN:501,_RNvNtNtCscmktnBvsI4H_8vo_types13integer_types5testss_50timeout_ms_new_unchecked_panics_when_value_is_zero
FN:825,_RNvNtNtCscmktnBvsI4H_8vo_types13integer_types5testss_51max_attempts_accepts_u64_max_when_at_upper_boundary
FN:638,_RNvNtNtCscmktnBvsI4H_8vo_types13integer_types5testss_51timestamp_ms_accepts_u64_max_when_at_upper_boundary
FN:299,_RNvNtNtCscmktnBvsI4H_8vo_types13integer_types5testss_52event_version_accepts_u64_max_when_at_upper_boundary
FN:676,_RNvNtNtCscmktnBvsI4H_8vo_types13integer_types5testss_52fire_at_ms_accepts_nonzero_decimal_when_input_parses
FN:862,_RNvNtNtCscmktnBvsI4H_8vo_types13integer_types5testss_52max_attempts_new_unchecked_panics_when_value_is_zero
FN:365,_RNvNtNtCscmktnBvsI4H_8vo_types13integer_types5testss_53attempt_number_accepts_u64_max_when_at_upper_boundary
FN:514,_RNvNtNtCscmktnBvsI4H_8vo_types13integer_types5testss_53duration_ms_accepts_nonzero_decimal_when_input_parses
FN:352,_RNvNtNtCscmktnBvsI4H_8vo_types13integer_types5testss_53event_version_new_unchecked_panics_when_value_is_zero
FN:418,_RNvNtNtCscmktnBvsI4H_8vo_types13integer_types5testss_54attempt_number_new_unchecked_panics_when_value_is_zero
FN:226,_RNvNtNtCscmktnBvsI4H_8vo_types13integer_types5testss_54sequence_number_accepts_u64_max_when_at_upper_boundary
FN:581,_RNvNtNtCscmktnBvsI4H_8vo_types13integer_types5testss_54timestamp_ms_accepts_nonzero_decimal_when_input_parses
FN:748,_RNvNtNtCscmktnBvsI4H_8vo_types13integer_types5testss_55fire_at_ms_display_round_trips_through_parse_when_valid
FN:279,_RNvNtNtCscmktnBvsI4H_8vo_types13integer_types5testss_55sequence_number_new_unchecked_panics_when_value_is_zero
FN:487,_RNvNtNtCscmktnBvsI4H_8vo_types13integer_types5testss_55timeout_ms_display_round_trips_through_parse_when_valid
FN:566,_RNvNtNtCscmktnBvsI4H_8vo_types13integer_types5testss_56duration_ms_display_round_trips_through_parse_when_valid
FN:848,_RNvNtNtCscmktnBvsI4H_8vo_types13integer_types5testss_57max_attempts_display_round_trips_through_parse_when_valid
FN:494,_RNvNtNtCscmktnBvsI4H_8vo_types13integer_types5testss_57timeout_ms_new_unchecked_constructs_when_value_is_nonzero
FN:661,_RNvNtNtCscmktnBvsI4H_8vo_types13integer_types5testss_57timestamp_ms_display_round_trips_through_parse_when_valid
FN:338,_RNvNtNtCscmktnBvsI4H_8vo_types13integer_types5testss_58event_version_display_round_trips_through_parse_when_valid
FN:693,_RNvNtNtCscmktnBvsI4H_8vo_types13integer_types5testss_58fire_at_ms_to_system_time_returns_correct_time_when_called
FN:425,_RNvNtNtCscmktnBvsI4H_8vo_types13integer_types5testss_58timeout_ms_accepts_valid_nonzero_decimal_when_input_parses
FN:448,_RNvNtNtCscmktnBvsI4H_8vo_types13integer_types5testss_58timeout_ms_rejects_zero_with_zero_value_when_input_is_zero
FN:620,_RNvNtNtCscmktnBvsI4H_8vo_types13integer_types5testss_58timestamp_ms_now_is_approximately_current_time_when_called
FN:404,_RNvNtNtCscmktnBvsI4H_8vo_types13integer_types5testss_59attempt_number_display_round_trips_through_parse_when_valid
FN:855,_RNvNtNtCscmktnBvsI4H_8vo_types13integer_types5testss_59max_attempts_new_unchecked_constructs_when_value_is_nonzero
FN:458,_RNvNtNtCscmktnBvsI4H_8vo_types13integer_types5testss_59timeout_ms_to_duration_returns_correct_duration_when_called
FN:345,_RNvNtNtCscmktnBvsI4H_8vo_types13integer_types5testss_60event_version_new_unchecked_constructs_when_value_is_nonzero
FN:757,_RNvNtNtCscmktnBvsI4H_8vo_types13integer_types5testss_60max_attempts_accepts_valid_nonzero_decimal_when_input_parses
FN:780,_RNvNtNtCscmktnBvsI4H_8vo_types13integer_types5testss_60max_attempts_rejects_zero_with_zero_value_when_input_is_zero
FN:265,_RNvNtNtCscmktnBvsI4H_8vo_types13integer_types5testss_60sequence_number_display_round_trips_through_parse_when_valid
FN:411,_RNvNtNtCscmktnBvsI4H_8vo_types13integer_types5testss_61attempt_number_new_unchecked_constructs_when_value_is_nonzero
FN:293,_RNvNtNtCscmktnBvsI4H_8vo_types13integer_types5testss_61event_version_accepts_valid_nonzero_decimal_when_input_parses
FN:316,_RNvNtNtCscmktnBvsI4H_8vo_types13integer_types5testss_61event_version_rejects_zero_with_zero_value_when_input_is_zero
FN:359,_RNvNtNtCscmktnBvsI4H_8vo_types13integer_types5testss_62attempt_number_accepts_valid_nonzero_decimal_when_input_parses
FN:382,_RNvNtNtCscmktnBvsI4H_8vo_types13integer_types5testss_62attempt_number_rejects_zero_with_zero_value_when_input_is_zero
FN:709,_RNvNtNtCscmktnBvsI4H_8vo_types13integer_types5testss_62fire_at_ms_has_elapsed_returns_false_when_fire_at_is_after_now
FN:702,_RNvNtNtCscmktnBvsI4H_8vo_types13integer_types5testss_62fire_at_ms_has_elapsed_returns_true_when_fire_at_is_before_now
FN:804,_RNvNtNtCscmktnBvsI4H_8vo_types13integer_types5testss_62max_attempts_is_exhausted_returns_true_when_attempt_equals_max
FN:272,_RNvNtNtCscmktnBvsI4H_8vo_types13integer_types5testss_62sequence_number_new_unchecked_constructs_when_value_is_nonzero
FN:284,_RNvNtNtCscmktnBvsI4H_8vo_types13integer_types5testss_63from_sequence_number_returns_correct_nonzero_u64_when_converted
FN:811,_RNvNtNtCscmktnBvsI4H_8vo_types13integer_types5testss_63max_attempts_is_exhausted_returns_true_when_attempt_exceeds_max
FN:220,_RNvNtNtCscmktnBvsI4H_8vo_types13integer_types5testss_63sequence_number_accepts_valid_nonzero_decimal_when_input_parses
FN:243,_RNvNtNtCscmktnBvsI4H_8vo_types13integer_types5testss_63sequence_number_rejects_zero_with_zero_value_when_input_is_zero
FN:537,_RNvNtNtCscmktnBvsI4H_8vo_types13integer_types5testss_64duration_ms_to_duration_returns_zero_duration_when_value_is_zero
FN:598,_RNvNtNtCscmktnBvsI4H_8vo_types13integer_types5testss_65timestamp_ms_to_system_time_returns_unix_epoch_when_value_is_zero
FN:790,_RNvNtNtCscmktnBvsI4H_8vo_types13integer_types5testss_66max_attempts_is_exhausted_returns_false_when_attempt_less_than_max
FN:613,_RNvNtNtCscmktnBvsI4H_8vo_types13integer_types5testss_68timestamp_ms_now_returns_parseable_value_when_system_clock_available
FN:797,_RNvNtNtCscmktnBvsI4H_8vo_types13integer_types5testss_69max_attempts_is_exhausted_returns_false_when_attempt_is_max_minus_one
FN:818,_RNvNtNtCscmktnBvsI4H_8vo_types13integer_types5testss_69max_attempts_is_exhausted_returns_true_when_max_is_1_and_attempt_is_1
FN:543,_RNvNtNtCscmktnBvsI4H_8vo_types13integer_types5testss_70duration_ms_to_duration_returns_correct_duration_when_value_is_nonzero
FN:682,_RNvNtNtCscmktnBvsI4H_8vo_types13integer_types5testss_70fire_at_ms_rejects_non_integer_with_not_an_integer_when_input_is_alpha
FN:604,_RNvNtNtCscmktnBvsI4H_8vo_types13integer_types5testss_71timestamp_ms_to_system_time_returns_correct_time_when_value_is_positive
FN:769,_RNvNtNtCscmktnBvsI4H_8vo_types13integer_types5testss_72max_attempts_rejects_non_integer_with_not_an_integer_when_input_is_alpha
FN:587,_RNvNtNtCscmktnBvsI4H_8vo_types13integer_types5testss_72timestamp_ms_rejects_non_integer_with_not_an_integer_when_input_is_alpha
FN:305,_RNvNtNtCscmktnBvsI4H_8vo_types13integer_types5testss_73event_version_rejects_non_integer_with_not_an_integer_when_input_is_alpha
FN:371,_RNvNtNtCscmktnBvsI4H_8vo_types13integer_types5testss_74attempt_number_rejects_non_integer_with_not_an_integer_when_input_is_alpha
FN:716,_RNvNtNtCscmktnBvsI4H_8vo_types13integer_types5testss_75fire_at_ms_has_elapsed_returns_deterministic_result_when_fire_at_equals_now
FN:232,_RNvNtNtCscmktnBvsI4H_8vo_types13integer_types5testss_75sequence_number_rejects_non_integer_with_not_an_integer_when_input_is_alpha
FN:731,_RNvNtNtCscmktnBvsI4H_8vo_types13integer_types5testss_76fire_at_ms_rejects_negative_with_not_an_integer_when_input_starts_with_minus
FN:470,_RNvNtNtCscmktnBvsI4H_8vo_types13integer_types5testss_76timeout_ms_rejects_negative_with_not_an_integer_when_input_starts_with_minus
FN:549,_RNvNtNtCscmktnBvsI4H_8vo_types13integer_types5testss_77duration_ms_rejects_negative_with_not_an_integer_when_input_starts_with_minus
FN:526,_RNvNtNtCscmktnBvsI4H_8vo_types13integer_types5testss_78duration_ms_rejects_non_integer_with_not_an_integer_when_input_is_float_string
FN:831,_RNvNtNtCscmktnBvsI4H_8vo_types13integer_types5testss_78max_attempts_rejects_negative_with_not_an_integer_when_input_starts_with_minus
FN:644,_RNvNtNtCscmktnBvsI4H_8vo_types13integer_types5testss_78timestamp_ms_rejects_negative_with_not_an_integer_when_input_starts_with_minus
FN:437,_RNvNtNtCscmktnBvsI4H_8vo_types13integer_types5testss_80timeout_ms_rejects_non_integer_with_not_an_integer_when_input_is_duration_string
FN:92,_RNvMNtCscmktnBvsI4H_8vo_types13integer_typesNtB2_14SequenceNumber13new_unchecked
FN:86,_RNvMNtCscmktnBvsI4H_8vo_types13integer_typesNtB2_14SequenceNumber5parse
FN:89,_RNvMNtCscmktnBvsI4H_8vo_types13integer_typesNtB2_14SequenceNumber6as_u64
FN:110,_RNvMs0_NtCscmktnBvsI4H_8vo_types13integer_typesNtB5_12EventVersion13new_unchecked
FN:104,_RNvMs0_NtCscmktnBvsI4H_8vo_types13integer_typesNtB5_12EventVersion5parse
FN:107,_RNvMs0_NtCscmktnBvsI4H_8vo_types13integer_typesNtB5_12EventVersion6as_u64
FN:123,_RNvMs1_NtCscmktnBvsI4H_8vo_types13integer_typesNtB5_13AttemptNumber13new_unchecked
FN:117,_RNvMs1_NtCscmktnBvsI4H_8vo_types13integer_typesNtB5_13AttemptNumber5parse
FN:120,_RNvMs1_NtCscmktnBvsI4H_8vo_types13integer_typesNtB5_13AttemptNumber6as_u64
FN:136,_RNvMs2_NtCscmktnBvsI4H_8vo_types13integer_typesNtB5_9TimeoutMs11to_duration
FN:139,_RNvMs2_NtCscmktnBvsI4H_8vo_types13integer_typesNtB5_9TimeoutMs13new_unchecked
FN:130,_RNvMs2_NtCscmktnBvsI4H_8vo_types13integer_typesNtB5_9TimeoutMs5parse
FN:133,_RNvMs2_NtCscmktnBvsI4H_8vo_types13integer_typesNtB5_9TimeoutMs6as_u64
FN:152,_RNvMs3_NtCscmktnBvsI4H_8vo_types13integer_typesNtB5_10DurationMs11to_duration
FN:146,_RNvMs3_NtCscmktnBvsI4H_8vo_types13integer_typesNtB5_10DurationMs5parse
FN:149,_RNvMs3_NtCscmktnBvsI4H_8vo_types13integer_typesNtB5_10DurationMs6as_u64
FN:165,_RNvMs4_NtCscmktnBvsI4H_8vo_types13integer_typesNtB5_11TimestampMs14to_system_time
FN:168,_RNvMs4_NtCscmktnBvsI4H_8vo_types13integer_typesNtB5_11TimestampMs3now
FN:159,_RNvMs4_NtCscmktnBvsI4H_8vo_types13integer_typesNtB5_11TimestampMs5parse
FN:162,_RNvMs4_NtCscmktnBvsI4H_8vo_types13integer_typesNtB5_11TimestampMs6as_u64
FN:188,_RNvMs5_NtCscmktnBvsI4H_8vo_types13integer_typesNtB5_8FireAtMs11has_elapsed
FN:185,_RNvMs5_NtCscmktnBvsI4H_8vo_types13integer_typesNtB5_8FireAtMs14to_system_time
FN:179,_RNvMs5_NtCscmktnBvsI4H_8vo_types13integer_typesNtB5_8FireAtMs5parse
FN:182,_RNvMs5_NtCscmktnBvsI4H_8vo_types13integer_typesNtB5_8FireAtMs6as_u64
FN:201,_RNvMs6_NtCscmktnBvsI4H_8vo_types13integer_typesNtB5_11MaxAttempts12is_exhausted
FN:204,_RNvMs6_NtCscmktnBvsI4H_8vo_types13integer_typesNtB5_11MaxAttempts13new_unchecked
FN:195,_RNvMs6_NtCscmktnBvsI4H_8vo_types13integer_typesNtB5_11MaxAttempts5parse
FN:198,_RNvMs6_NtCscmktnBvsI4H_8vo_types13integer_typesNtB5_11MaxAttempts6as_u64
FN:25,_RNvXs1A_NtCscmktnBvsI4H_8vo_types13integer_typesyINtNtCshE3Bd3PKlmN_4core7convert4FromNtB6_9TimeoutMsE4from
FN:35,_RNvXs1B_NtCscmktnBvsI4H_8vo_types13integer_typesNtB6_10DurationMsNtNtCshE3Bd3PKlmN_4core3fmt7Display3fmt
FN:41,_RNvXs1C_NtCscmktnBvsI4H_8vo_types13integer_typesNtB6_10DurationMsINtNtCshE3Bd3PKlmN_4core7convert7TryFromyE8try_from
FN:46,_RNvXs1D_NtCscmktnBvsI4H_8vo_types13integer_typesyINtNtCshE3Bd3PKlmN_4core7convert4FromNtB6_10DurationMsE4from
FN:35,_RNvXs1E_NtCscmktnBvsI4H_8vo_types13integer_typesNtB6_11TimestampMsNtNtCshE3Bd3PKlmN_4core3fmt7Display3fmt
FN:41,_RNvXs1F_NtCscmktnBvsI4H_8vo_types13integer_typesNtB6_11TimestampMsINtNtCshE3Bd3PKlmN_4core7convert7TryFromyE8try_from
FN:46,_RNvXs1G_NtCscmktnBvsI4H_8vo_types13integer_typesyINtNtCshE3Bd3PKlmN_4core7convert4FromNtB6_11TimestampMsE4from
FN:35,_RNvXs1H_NtCscmktnBvsI4H_8vo_types13integer_typesNtB6_8FireAtMsNtNtCshE3Bd3PKlmN_4core3fmt7Display3fmt
FN:41,_RNvXs1I_NtCscmktnBvsI4H_8vo_types13integer_typesNtB6_8FireAtMsINtNtCshE3Bd3PKlmN_4core7convert7TryFromyE8try_from
FN:46,_RNvXs1J_NtCscmktnBvsI4H_8vo_types13integer_typesyINtNtCshE3Bd3PKlmN_4core7convert4FromNtB6_8FireAtMsE4from
FN:13,_RNvXs1K_NtCscmktnBvsI4H_8vo_types13integer_typesNtB6_11MaxAttemptsNtNtCshE3Bd3PKlmN_4core3fmt7Display3fmt
FN:19,_RNvXs1L_NtCscmktnBvsI4H_8vo_types13integer_typesNtB6_11MaxAttemptsINtNtCshE3Bd3PKlmN_4core7convert7TryFromyE8try_from
FN:25,_RNvXs1M_NtCscmktnBvsI4H_8vo_types13integer_typesyINtNtCshE3Bd3PKlmN_4core7convert4FromNtB6_11MaxAttemptsE4from
FN:13,_RNvXs1p_NtCscmktnBvsI4H_8vo_types13integer_typesNtB6_14SequenceNumberNtNtCshE3Bd3PKlmN_4core3fmt7Display3fmt
FN:19,_RNvXs1q_NtCscmktnBvsI4H_8vo_types13integer_typesNtB6_14SequenceNumberINtNtCshE3Bd3PKlmN_4core7convert7TryFromyE8try_from
FN:25,_RNvXs1r_NtCscmktnBvsI4H_8vo_types13integer_typesyINtNtCshE3Bd3PKlmN_4core7convert4FromNtB6_14SequenceNumberE4from
FN:13,_RNvXs1s_NtCscmktnBvsI4H_8vo_types13integer_typesNtB6_12EventVersionNtNtCshE3Bd3PKlmN_4core3fmt7Display3fmt
FN:19,_RNvXs1t_NtCscmktnBvsI4H_8vo_types13integer_typesNtB6_12EventVersionINtNtCshE3Bd3PKlmN_4core7convert7TryFromyE8try_from
FN:25,_RNvXs1u_NtCscmktnBvsI4H_8vo_types13integer_typesyINtNtCshE3Bd3PKlmN_4core7convert4FromNtB6_12EventVersionE4from
FN:13,_RNvXs1v_NtCscmktnBvsI4H_8vo_types13integer_typesNtB6_13AttemptNumberNtNtCshE3Bd3PKlmN_4core3fmt7Display3fmt
FN:19,_RNvXs1w_NtCscmktnBvsI4H_8vo_types13integer_typesNtB6_13AttemptNumberINtNtCshE3Bd3PKlmN_4core7convert7TryFromyE8try_from
FN:25,_RNvXs1x_NtCscmktnBvsI4H_8vo_types13integer_typesyINtNtCshE3Bd3PKlmN_4core7convert4FromNtB6_13AttemptNumberE4from
FN:13,_RNvXs1y_NtCscmktnBvsI4H_8vo_types13integer_typesNtB6_9TimeoutMsNtNtCshE3Bd3PKlmN_4core3fmt7Display3fmt
FN:19,_RNvXs1z_NtCscmktnBvsI4H_8vo_types13integer_typesNtB6_9TimeoutMsINtNtCshE3Bd3PKlmN_4core7convert7TryFromyE8try_from
FNDA:0,_RNvMNtCscr0jGAzFRLZ_8vo_types13integer_typesNtB2_14SequenceNumber13new_unchecked
FNDA:1,_RNvMNtCscr0jGAzFRLZ_8vo_types13integer_typesNtB2_14SequenceNumber5parse
FNDA:39,_RNvMNtCscr0jGAzFRLZ_8vo_types13integer_typesNtB2_14SequenceNumber6as_u64
FNDA:0,_RNvMs0_NtCscr0jGAzFRLZ_8vo_types13integer_typesNtB5_12EventVersion13new_unchecked
FNDA:1,_RNvMs0_NtCscr0jGAzFRLZ_8vo_types13integer_typesNtB5_12EventVersion5parse
FNDA:0,_RNvMs0_NtCscr0jGAzFRLZ_8vo_types13integer_typesNtB5_12EventVersion6as_u64
FNDA:0,_RNvMs1_NtCscr0jGAzFRLZ_8vo_types13integer_typesNtB5_13AttemptNumber13new_unchecked
FNDA:1,_RNvMs1_NtCscr0jGAzFRLZ_8vo_types13integer_typesNtB5_13AttemptNumber5parse
FNDA:0,_RNvMs1_NtCscr0jGAzFRLZ_8vo_types13integer_typesNtB5_13AttemptNumber6as_u64
FNDA:0,_RNvMs2_NtCscr0jGAzFRLZ_8vo_types13integer_typesNtB5_9TimeoutMs11to_duration
FNDA:0,_RNvMs2_NtCscr0jGAzFRLZ_8vo_types13integer_typesNtB5_9TimeoutMs13new_unchecked
FNDA:1,_RNvMs2_NtCscr0jGAzFRLZ_8vo_types13integer_typesNtB5_9TimeoutMs5parse
FNDA:0,_RNvMs2_NtCscr0jGAzFRLZ_8vo_types13integer_typesNtB5_9TimeoutMs6as_u64
FNDA:0,_RNvMs3_NtCscr0jGAzFRLZ_8vo_types13integer_typesNtB5_10DurationMs11to_duration
FNDA:1,_RNvMs3_NtCscr0jGAzFRLZ_8vo_types13integer_typesNtB5_10DurationMs5parse
FNDA:0,_RNvMs3_NtCscr0jGAzFRLZ_8vo_types13integer_typesNtB5_10DurationMs6as_u64
FNDA:0,_RNvMs4_NtCscr0jGAzFRLZ_8vo_types13integer_typesNtB5_11TimestampMs14to_system_time
FNDA:0,_RNvMs4_NtCscr0jGAzFRLZ_8vo_types13integer_typesNtB5_11TimestampMs3now
FNDA:1,_RNvMs4_NtCscr0jGAzFRLZ_8vo_types13integer_typesNtB5_11TimestampMs5parse
FNDA:0,_RNvMs4_NtCscr0jGAzFRLZ_8vo_types13integer_typesNtB5_11TimestampMs6as_u64
FNDA:0,_RNvMs5_NtCscr0jGAzFRLZ_8vo_types13integer_typesNtB5_8FireAtMs11has_elapsed
FNDA:0,_RNvMs5_NtCscr0jGAzFRLZ_8vo_types13integer_typesNtB5_8FireAtMs14to_system_time
FNDA:1,_RNvMs5_NtCscr0jGAzFRLZ_8vo_types13integer_typesNtB5_8FireAtMs5parse
FNDA:0,_RNvMs5_NtCscr0jGAzFRLZ_8vo_types13integer_typesNtB5_8FireAtMs6as_u64
FNDA:0,_RNvMs6_NtCscr0jGAzFRLZ_8vo_types13integer_typesNtB5_11MaxAttempts12is_exhausted
FNDA:0,_RNvMs6_NtCscr0jGAzFRLZ_8vo_types13integer_typesNtB5_11MaxAttempts13new_unchecked
FNDA:1,_RNvMs6_NtCscr0jGAzFRLZ_8vo_types13integer_typesNtB5_11MaxAttempts5parse
FNDA:0,_RNvMs6_NtCscr0jGAzFRLZ_8vo_types13integer_typesNtB5_11MaxAttempts6as_u64
FNDA:0,_RNvXs1A_NtCscr0jGAzFRLZ_8vo_types13integer_typesyINtNtCshE3Bd3PKlmN_4core7convert4FromNtB6_9TimeoutMsE4from
FNDA:0,_RNvXs1B_NtCscr0jGAzFRLZ_8vo_types13integer_typesNtB6_10DurationMsNtNtCshE3Bd3PKlmN_4core3fmt7Display3fmt
FNDA:0,_RNvXs1C_NtCscr0jGAzFRLZ_8vo_types13integer_typesNtB6_10DurationMsINtNtCshE3Bd3PKlmN_4core7convert7TryFromyE8try_from
FNDA:0,_RNvXs1D_NtCscr0jGAzFRLZ_8vo_types13integer_typesyINtNtCshE3Bd3PKlmN_4core7convert4FromNtB6_10DurationMsE4from
FNDA:0,_RNvXs1E_NtCscr0jGAzFRLZ_8vo_types13integer_typesNtB6_11TimestampMsNtNtCshE3Bd3PKlmN_4core3fmt7Display3fmt
FNDA:0,_RNvXs1F_NtCscr0jGAzFRLZ_8vo_types13integer_typesNtB6_11TimestampMsINtNtCshE3Bd3PKlmN_4core7convert7TryFromyE8try_from
[...]
FN:5,_RNvNtCscmktnBvsI4H_8vo_types5types13parse_u64_str
FN:17,_RNvNtCscmktnBvsI4H_8vo_types5types15require_nonzero
FN:36,_RNvNtCscmktnBvsI4H_8vo_types5types16is_lowercase_hex
FN:24,_RNvNtCscmktnBvsI4H_8vo_types5types17parse_nonzero_u64
FN:32,_RNvNtCscmktnBvsI4H_8vo_types5types18is_identifier_char
FN:40,_RNvNtCscmktnBvsI4H_8vo_types5types27check_identifier_boundaries
FN:104,_RNCNvNtNtCscmktnBvsI4H_8vo_types5types5testss_33extract_invalid_chars_empty_input0B7_
FN:86,_RNCNvNtNtCscmktnBvsI4H_8vo_types5types5testss_46extract_invalid_chars_keeps_only_invalid_chars0B7_
FN:98,_RNCNvNtNtCscmktnBvsI4H_8vo_types5types5testss_49extract_invalid_chars_returns_all_when_none_valid0B7_
FN:92,_RNCNvNtNtCscmktnBvsI4H_8vo_types5types5testss_50extract_invalid_chars_returns_empty_when_all_valid0B7_
FN:121,_RNvNtNtCscmktnBvsI4H_8vo_types5types5testss_17parse_u64_str_max
FN:116,_RNvNtNtCscmktnBvsI4H_8vo_types5types5testss_18parse_u64_str_zero
FN:196,_RNvNtNtCscmktnBvsI4H_8vo_types5types5testss_19require_nonzero_max
FN:204,_RNvNtNtCscmktnBvsI4H_8vo_types5types5testss_20require_nonzero_zero
FN:188,_RNvNtNtCscmktnBvsI4H_8vo_types5types5testss_21require_nonzero_valid
FN:295,_RNvNtNtCscmktnBvsI4H_8vo_types5types5testss_22check_boundaries_valid
FN:222,_RNvNtNtCscmktnBvsI4H_8vo_types5types5testss_22parse_nonzero_u64_zero
FN:214,_RNvNtNtCscmktnBvsI4H_8vo_types5types5testss_23parse_nonzero_u64_valid
FN:126,_RNvNtNtCscmktnBvsI4H_8vo_types5types5testss_27parse_u64_str_leading_zeros
FN:131,_RNvNtNtCscmktnBvsI4H_8vo_types5types5testss_27parse_u64_str_rejects_alpha
FN:142,_RNvNtNtCscmktnBvsI4H_8vo_types5types5testss_27parse_u64_str_rejects_empty
FN:164,_RNvNtNtCscmktnBvsI4H_8vo_types5types5testss_27parse_u64_str_rejects_float
FN:111,_RNvNtNtCscmktnBvsI4H_8vo_types5types5testss_27parse_u64_str_valid_integer
FN:230,_RNvNtNtCscmktnBvsI4H_8vo_types5types5testss_29parse_nonzero_u64_non_integer
FN:153,_RNvNtNtCscmktnBvsI4H_8vo_types5types5testss_30parse_u64_str_rejects_negative
FN:175,_RNvNtNtCscmktnBvsI4H_8vo_types5types5testss_30parse_u64_str_rejects_overflow
FN:268,_RNvNtNtCscmktnBvsI4H_8vo_types5types5testss_31is_lowercase_hex_accepts_digits
FN:286,_RNvNtNtCscmktnBvsI4H_8vo_types5types5testss_32is_lowercase_hex_rejects_non_hex
FN:103,_RNvNtNtCscmktnBvsI4H_8vo_types5types5testss_33extract_invalid_chars_empty_input
FN:280,_RNvNtNtCscmktnBvsI4H_8vo_types5types5testss_34is_lowercase_hex_rejects_uppercase
FN:257,_RNvNtNtCscmktnBvsI4H_8vo_types5types5testss_38is_identifier_char_rejects_other_chars
FN:301,_RNvNtNtCscmktnBvsI4H_8vo_types5types5testss_39check_boundaries_rejects_leading_hyphen
FN:243,_RNvNtNtCscmktnBvsI4H_8vo_types5types5testss_39is_identifier_char_accepts_alphanumeric
FN:323,_RNvNtNtCscmktnBvsI4H_8vo_types5types5testss_40check_boundaries_rejects_trailing_hyphen
FN:274,_RNvNtNtCscmktnBvsI4H_8vo_types5types5testss_42is_lowercase_hex_accepts_lowercase_letters
FN:312,_RNvNtNtCscmktnBvsI4H_8vo_types5types5testss_43check_boundaries_rejects_leading_underscore
FN:334,_RNvNtNtCscmktnBvsI4H_8vo_types5types5testss_44check_boundaries_rejects_trailing_underscore
FN:345,_RNvNtNtCscmktnBvsI4H_8vo_types5types5testss_46check_boundaries_single_hyphen_rejects_leading
FN:85,_RNvNtNtCscmktnBvsI4H_8vo_types5types5testss_46extract_invalid_chars_keeps_only_invalid_chars
FN:251,_RNvNtNtCscmktnBvsI4H_8vo_types5types5testss_48is_identifier_char_accepts_hyphen_and_underscore
FN:97,_RNvNtNtCscmktnBvsI4H_8vo_types5types5testss_49extract_invalid_chars_returns_all_when_none_valid
FN:356,_RNvNtNtCscmktnBvsI4H_8vo_types5types5testss_50check_boundaries_single_underscore_rejects_leading
FN:91,_RNvNtNtCscmktnBvsI4H_8vo_types5types5testss_50extract_invalid_chars_returns_empty_when_all_valid
FNDA:0,_RINvNtCscr0jGAzFRLZ_8vo_types5types21extract_invalid_charsNvB2_16is_lowercase_hexEB4_
FNDA:0,_RINvNtCscr0jGAzFRLZ_8vo_types5types21extract_invalid_charsNvB2_18is_identifier_charEB4_
FNDA:0,_RNCINvNtCscr0jGAzFRLZ_8vo_types5types21extract_invalid_charsNvB4_16is_lowercase_hexE0B6_
FNDA:0,_RNCINvNtCscr0jGAzFRLZ_8vo_types5types21extract_invalid_charsNvB4_18is_identifier_charE0B6_
FNDA:0,_RNCNvNtCscr0jGAzFRLZ_8vo_types5types13parse_u64_str0B5_
FNDA:8,_RNvNtCscr0jGAzFRLZ_8vo_types5types13parse_u64_str
FNDA:87,_RNvNtCscr0jGAzFRLZ_8vo_types5types15require_nonzero
FNDA:0,_RNvNtCscr0jGAzFRLZ_8vo_types5types16is_lowercase_hex
FNDA:5,_RNvNtCscr0jGAzFRLZ_8vo_types5types17parse_nonzero_u64
FNDA:0,_RNvNtCscr0jGAzFRLZ_8vo_types5types18is_identifier_char
FNDA:0,_RNvNtCscr0jGAzFRLZ_8vo_types5types27check_identifier_boundaries
FNDA:1,_RNvNtNtNtCscmktnBvsI4H_8vo_types5types5tests9proptestss_30extract_invalid_chars_proptest
FNDA:1,_RINvNtCscmktnBvsI4H_8vo_types5types21extract_invalid_charsNCNvNtB2_5testss_33extract_invalid_chars_empty_input0EB4_
FNDA:1,_RINvNtCscmktnBvsI4H_8vo_types5types21extract_invalid_charsNCNvNtB2_5testss_46extract_invalid_chars_keeps_only_invalid_chars0EB4_
FNDA:1,_RINvNtCscmktnBvsI4H_8vo_types5types21extract_invalid_charsNCNvNtB2_5testss_49extract_invalid_chars_returns_all_when_none_valid0EB4_
FNDA:1,_RINvNtCscmktnBvsI4H_8vo_types5types21extract_invalid_charsNCNvNtB2_5testss_50extract_invalid_chars_returns_empty_when_all_valid0EB4_
FNDA:539,_RINvNtCscmktnBvsI4H_8vo_types5types21extract_invalid_charsNvB2_16is_lowercase_hexEB4_
FNDA:10690,_RINvNtCscmktnBvsI4H_8vo_types5types21extract_invalid_charsNvB2_18is_identifier_charEB4_
FNDA:0,_RNCINvNtCscmktnBvsI4H_8vo_types5types21extract_invalid_charsNCNvNtB4_5testss_33extract_invalid_chars_empty_input0E0B6_
FNDA:8,_RNCINvNtCscmktnBvsI4H_8vo_types5types21extract_invalid_charsNCNvNtB4_5testss_46extract_invalid_chars_keeps_only_invalid_chars0E0B6_
FNDA:3,_RNCINvNtCscmktnBvsI4H_8vo_types5types21extract_invalid_charsNCNvNtB4_5testss_49extract_invalid_chars_returns_all_when_none_valid0E0B6_
FNDA:6,_RNCINvNtCscmktnBvsI4H_8vo_types5types21extract_invalid_charsNCNvNtB4_5testss_50extract_invalid_chars_returns_empty_when_all_valid0E0B6_
FNDA:66671,_RNCINvNtCscmktnBvsI4H_8vo_types5types21extract_invalid_charsNvB4_16is_lowercase_hexE0B6_
FNDA:174882,_RNCINvNtCscmktnBvsI4H_8vo_types5types21extract_invalid_charsNvB4_18is_identifier_charE0B6_
FNDA:94,_RNCNvNtCscmktnBvsI4H_8vo_types5types13parse_u64_str0B5_
FNDA:4252,_RNvNtCscmktnBvsI4H_8vo_types5types13parse_u64_str
FNDA:3153,_RNvNtCscmktnBvsI4H_8vo_types5types15require_nonzero
FNDA:66680,_RNvNtCscmktnBvsI4H_8vo_types5types16is_lowercase_hex
FNDA:2655,_RNvNtCscmktnBvsI4H_8vo_types5types17parse_nonzero_u64
FNDA:174893,_RNvNtCscmktnBvsI4H_8vo_types5types18is_identifier_char
FNDA:10409,_RNvNtCscmktnBvsI4H_8vo_types5types27check_identifier_boundaries
FNDA:0,_RNCNvNtNtCscmktnBvsI4H_8vo_types5types5testss_33extract_invalid_chars_empty_input0B7_
FNDA:8,_RNCNvNtNtCscmktnBvsI4H_8vo_types5types5testss_46extract_invalid_chars_keeps_only_invalid_chars0B7_
FNDA:3,_RNCNvNtNtCscmktnBvsI4H_8vo_types5types5testss_49extract_invalid_chars_returns_all_when_none_valid0B7_
FNDA:6,_RNCNvNtNtCscmktnBvsI4H_8vo_types5types5testss_50extract_invalid_chars_returns_empty_when_all_valid0B7_
FNDA:1,_RNvNtNtCscmktnBvsI4H_8vo_types5types5testss_17parse_u64_str_max
FNDA:1,_RNvNtNtCscmktnBvsI4H_8vo_types5types5testss_18parse_u64_str_zero
FNDA:1,_RNvNtNtCscmktnBvsI4H_8vo_types5types5testss_19require_nonzero_max
FNDA:1,_RNvNtNtCscmktnBvsI4H_8vo_types5types5testss_20require_nonzero_zero
FNDA:1,_RNvNtNtCscmktnBvsI4H_8vo_types5types5testss_21require_nonzero_valid
FNDA:1,_RNvNtNtCscmktnBvsI4H_8vo_types5types5testss_22check_boundaries_valid
FNDA:1,_RNvNtNtCscmktnBvsI4H_8vo_types5types5testss_22parse_nonzero_u64_zero
FNDA:1,_RNvNtNtCscmktnBvsI4H_8vo_types5types5testss_23parse_nonzero_u64_valid
FNDA:1,_RNvNtNtCscmktnBvsI4H_8vo_types5types5testss_27parse_u64_str_leading_zeros
FNDA:1,_RNvNtNtCscmktnBvsI4H_8vo_types5types5testss_27parse_u64_str_rejects_alpha
FNDA:1,_RNvNtNtCscmktnBvsI4H_8vo_types5types5testss_27parse_u64_str_rejects_empty
FNDA:1,_RNvNtNtCscmktnBvsI4H_8vo_types5types5testss_27parse_u64_str_rejects_float
FNDA:1,_RNvNtNtCscmktnBvsI4H_8vo_types5types5testss_27parse_u64_str_valid_integer
FNDA:1,_RNvNtNtCscmktnBvsI4H_8vo_types5types5testss_29parse_nonzero_u64_non_integer
FNDA:1,_RNvNtNtCscmktnBvsI4H_8vo_types5types5testss_30parse_u64_str_rejects_negative
FNDA:1,_RNvNtNtCscmktnBvsI4H_8vo_types5types5testss_30parse_u64_str_rejects_overflow
FNDA:1,_RNvNtNtCscmktnBvsI4H_8vo_types5types5testss_31is_lowercase_hex_accepts_digits
FNDA:1,_RNvNtNtCscmktnBvsI4H_8vo_types5types5testss_32is_lowercase_hex_rejects_non_hex
FNDA:1,_RNvNtNtCscmktnBvsI4H_8vo_types5types5testss_33extract_invalid_chars_empty_input
FNDA:1,_RNvNtNtCscmktnBvsI4H_8vo_types5types5testss_34is_lowercase_hex_rejects_uppercase
FNDA:1,_RNvNtNtCscmktnBvsI4H_8vo_types5types5testss_38is_identifier_char_rejects_other_chars
FNDA:1,_RNvNtNtCscmktnBvsI4H_8vo_types5types5testss_39check_boundaries_rejects_leading_hyphen
FNDA:1,_RNvNtNtCscmktnBvsI4H_8vo_types5types5testss_39is_identifier_char_accepts_alphanumeric
FNDA:1,_RNvNtNtCscmktnBvsI4H_8vo_types5types5testss_40check_boundaries_rejects_trailing_hyphen
FNDA:1,_RNvNtNtCscmktnBvsI4H_8vo_types5types5testss_42is_lowercase_hex_accepts_lowercase_letters
FNDA:1,_RNvNtNtCscmktnBvsI4H_8vo_types5types5testss_43check_boundaries_rejects_leading_underscore
FNDA:1,_RNvNtNtCscmktnBvsI4H_8vo_types5types5testss_44check_boundaries_rejects_trailing_underscore
FNDA:1,_RNvNtNtCscmktnBvsI4H_8vo_types5types5testss_46check_boundaries_single_hyphen_rejects_leading
FNDA:1,_RNvNtNtCscmktnBvsI4H_8vo_types5types5testss_46extract_invalid_chars_keeps_only_invalid_chars
FNDA:1,_RNvNtNtCscmktnBvsI4H_8vo_types5types5testss_48is_identifier_char_accepts_hyphen_and_underscore
FNDA:1,_RNvNtNtCscmktnBvsI4H_8vo_types5types5testss_49extract_invalid_chars_returns_all_when_none_valid
FNDA:1,_RNvNtNtCscmktnBvsI4H_8vo_types5types5testss_50check_boundaries_single_underscore_rejects_leading
FNDA:1,_RNvNtNtCscmktnBvsI4H_8vo_types5types5testss_50extract_invalid_chars_returns_empty_when_all_valid
FNF:47
FNH:46
DA:1,11233
DA:2,241570
DA:3,11233
DA:5,4260
DA:6,4260
DA:7,4260
DA:8,4260
DA:9,4260
DA:10,4260
DA:11,4260
DA:12,94
DA:13,94
DA:14,94
DA:15,4260
DA:17,3240
DA:18,3240
DA:19,3240
DA:20,3240
DA:21,3240
DA:22,3240
DA:24,2660
DA:25,2660
DA:26,2660
DA:27,2660
DA:28,2660
DA:29,2604
DA:30,2660
DA:32,174893
DA:33,174893
DA:34,174893
DA:36,66680
DA:37,66680
DA:38,66680
DA:40,10409
DA:41,10409
DA:42,10409
DA:43,10409
DA:44,10409
DA:45,10409
DA:47,10409
DA:48,7
DA:49,7
DA:50,7
DA:51,7
DA:52,7
DA:53,7
DA:54,7
DA:55,7
DA:56,3
DA:57,3
DA:58,3
DA:59,3
DA:60,3
DA:61,3
DA:62,3
DA:63,3
DA:64,10389
DA:66,10409
DA:85,1
DA:86,8
DA:87,1
DA:88,1
DA:91,1
DA:92,6
DA:93,1
DA:94,1
DA:97,1
DA:98,3
DA:99,1
DA:100,1
DA:103,1
DA:104,1
DA:105,1
DA:106,1
DA:111,1
DA:112,1
DA:113,1
DA:116,1
DA:117,1
DA:118,1
DA:121,1
DA:122,1
DA:123,1
DA:126,1
DA:127,1
DA:128,1
DA:131,1
DA:132,1
DA:133,1
DA:134,1
DA:135,1
DA:136,1
DA:137,1
DA:139,1
DA:142,1
DA:143,1
DA:144,1
DA:145,1
DA:146,1
DA:147,1
DA:148,1
DA:150,1
DA:153,1
DA:154,1
DA:155,1
DA:156,1
DA:157,1
DA:158,1
DA:159,1
DA:161,1
DA:164,1
DA:165,1
DA:166,1
DA:167,1
DA:168,1
DA:169,1
DA:170,1
DA:172,1
DA:175,1
DA:176,1
DA:177,1
DA:178,1
DA:179,1
DA:180,1
DA:181,1
DA:183,1
DA:188,1
DA:189,1
DA:190,1
DA:191,1
DA:193,1
DA:196,1
DA:197,1
DA:198,1
DA:199,1
DA:201,1
DA:204,1
DA:205,1
DA:206,1
DA:209,1
DA:214,1
DA:215,1
DA:216,1
DA:217,1
DA:219,1
DA:222,1
DA:223,1
DA:224,1
DA:227,1
DA:230,1
DA:231,1
DA:232,1
DA:233,1
DA:234,1
DA:235,1
DA:236,1
DA:238,1
DA:243,1
DA:244,1
DA:245,1
DA:246,1
DA:247,1
DA:248,1
DA:251,1
DA:252,1
DA:253,1
DA:254,1
DA:257,1
DA:258,1
DA:259,1
DA:260,1
DA:261,1
DA:262,1
DA:263,1
DA:268,1
DA:269,1
DA:270,1
DA:271,1
DA:274,1
DA:275,1
DA:276,1
DA:277,1
DA:280,1
DA:281,1
DA:282,1
DA:283,1
DA:286,1
DA:287,1
DA:288,1
DA:289,1
DA:290,1
DA:295,1
DA:296,1
DA:297,1
DA:298,1
DA:301,1
DA:302,1
DA:303,1
DA:304,1
DA:305,1
DA:306,1
DA:307,1
DA:309,1
DA:312,1
DA:313,1
DA:314,1
DA:315,1
DA:316,1
DA:317,1
DA:318,1
DA:320,1
DA:323,1
DA:324,1
DA:325,1
DA:326,1
DA:327,1
DA:328,1
DA:329,1
DA:331,1
DA:334,1
DA:335,1
DA:336,1
DA:337,1
DA:338,1
DA:339,1
DA:340,1
DA:342,1
DA:345,1
DA:346,1
DA:347,1
DA:348,1
DA:349,1
DA:350,1
DA:351,1
DA:353,1
DA:356,1
DA:357,1
DA:358,1
DA:359,1
DA:360,1
DA:361,1
DA:362,1
DA:364,1
DA:372,1
DA:373,1
DA:374,1
DA:375,1
DA:376,1
DA:377,1
DA:378,1
DA:379,1
DA:380,1
BRF:0
BRH:0
LF:257
LH:256
end_of_record
SF:/home/lewis/src/vel-bsl/crates/vo-types/src/workflow/mod.rs
FN:129,_RNCNCNvMNtCscr0jGAzFRLZ_8vo_types8workflowNtB6_18WorkflowDefinition20validate_unvalidated00B8_
FN:227,_RNCNCNvNtCscr0jGAzFRLZ_8vo_types8workflow12detect_cycle00B7_
FN:122,_RNCNvMNtCscr0jGAzFRLZ_8vo_types8workflowNtB4_18WorkflowDefinition20validate_unvalidated0B6_
FN:138,_RNCNvMNtCscr0jGAzFRLZ_8vo_types8workflowNtB4_18WorkflowDefinition20validate_unvalidateds0_0B6_
FN:107,_RNCNvMNtCscr0jGAzFRLZ_8vo_types8workflowNtB4_18WorkflowDefinition8get_node0B6_
FN:178,_RNCNvNtCscr0jGAzFRLZ_8vo_types8workflow10next_nodes0B5_
FN:189,_RNCNvNtCscr0jGAzFRLZ_8vo_types8workflow10next_nodess0_0B5_
FN:188,_RNCNvNtCscr0jGAzFRLZ_8vo_types8workflow10next_nodess_0B5_
FN:225,_RNCNvNtCscr0jGAzFRLZ_8vo_types8workflow12detect_cycle0B5_
FN:247,_RNCNvNtCscr0jGAzFRLZ_8vo_types8workflow9dfs_cycle0B5_
FN:262,_RNCNvNtCscr0jGAzFRLZ_8vo_types8workflow9dfs_cycles_0B5_
FN:113,_RNvMNtCscr0jGAzFRLZ_8vo_types8workflowNtB2_18WorkflowDefinition20validate_unvalidated
FN:106,_RNvMNtCscr0jGAzFRLZ_8vo_types8workflowNtB2_18WorkflowDefinition8get_node
FN:173,_RNvNtCscr0jGAzFRLZ_8vo_types8workflow10next_nodes
FN:209,_RNvNtCscr0jGAzFRLZ_8vo_types8workflow12detect_cycle
FN:238,_RNvNtCscr0jGAzFRLZ_8vo_types8workflow9dfs_cycle
FN:129,_RNCNCNvMNtCscmktnBvsI4H_8vo_types8workflowNtB6_18WorkflowDefinition20validate_unvalidated00B8_
FN:227,_RNCNCNvNtCscmktnBvsI4H_8vo_types8workflow12detect_cycle00B7_
FN:122,_RNCNvMNtCscmktnBvsI4H_8vo_types8workflowNtB4_18WorkflowDefinition20validate_unvalidated0B6_
FN:138,_RNCNvMNtCscmktnBvsI4H_8vo_types8workflowNtB4_18WorkflowDefinition20validate_unvalidateds0_0B6_
FN:96,_RNCNvMNtCscmktnBvsI4H_8vo_types8workflowNtB4_18WorkflowDefinition5parse0B6_
FN:107,_RNCNvMNtCscmktnBvsI4H_8vo_types8workflowNtB4_18WorkflowDefinition8get_node0B6_
FN:178,_RNCNvNtCscmktnBvsI4H_8vo_types8workflow10next_nodes0B5_
FN:189,_RNCNvNtCscmktnBvsI4H_8vo_types8workflow10next_nodess0_0B5_
FN:188,_RNCNvNtCscmktnBvsI4H_8vo_types8workflow10next_nodess_0B5_
FN:225,_RNCNvNtCscmktnBvsI4H_8vo_types8workflow12detect_cycle0B5_
FN:247,_RNCNvNtCscmktnBvsI4H_8vo_types8workflow9dfs_cycle0B5_
FN:262,_RNCNvNtCscmktnBvsI4H_8vo_types8workflow9dfs_cycles_0B5_
FN:75,_RINvMNtCscmktnBvsI4H_8vo_types8workflowNtB3_18WorkflowDefinition17from_deserializerpEB5_
FN:82,_RNCINvMNtCscmktnBvsI4H_8vo_types8workflowNtB5_18WorkflowDefinition17from_deserializerpE0B7_
FN:113,_RNvMNtCscmktnBvsI4H_8vo_types8workflowNtB2_18WorkflowDefinition20validate_unvalidated
FN:94,_RNvMNtCscmktnBvsI4H_8vo_types8workflowNtB2_18WorkflowDefinition5parse
FN:106,_RNvMNtCscmktnBvsI4H_8vo_types8workflowNtB2_18WorkflowDefinition8get_node
FN:173,_RNvNtCscmktnBvsI4H_8vo_types8workflow10next_nodes
FN:209,_RNvNtCscmktnBvsI4H_8vo_types8workflow12detect_cycle
FN:238,_RNvNtCscmktnBvsI4H_8vo_types8workflow9dfs_cycle
FNDA:0,_RNCNCNvMNtCscr0jGAzFRLZ_8vo_types8workflowNtB6_18WorkflowDefinition20validate_unvalidated00B8_
FNDA:0,_RNCNCNvNtCscr0jGAzFRLZ_8vo_types8workflow12detect_cycle00B7_
FNDA:0,_RNCNvMNtCscr0jGAzFRLZ_8vo_types8workflowNtB4_18WorkflowDefinition20validate_unvalidated0B6_
FNDA:0,_RNCNvMNtCscr0jGAzFRLZ_8vo_types8workflowNtB4_18WorkflowDefinition20validate_unvalidateds0_0B6_
FNDA:0,_RNCNvMNtCscr0jGAzFRLZ_8vo_types8workflowNtB4_18WorkflowDefinition8get_node0B6_
FNDA:0,_RNCNvNtCscr0jGAzFRLZ_8vo_types8workflow10next_nodes0B5_
FNDA:0,_RNCNvNtCscr0jGAzFRLZ_8vo_types8workflow10next_nodess0_0B5_
FNDA:0,_RNCNvNtCscr0jGAzFRLZ_8vo_types8workflow10next_nodess_0B5_
FNDA:0,_RNCNvNtCscr0jGAzFRLZ_8vo_types8workflow12detect_cycle0B5_
FNDA:0,_RNCNvNtCscr0jGAzFRLZ_8vo_types8workflow9dfs_cycle0B5_
FNDA:0,_RNCNvNtCscr0jGAzFRLZ_8vo_types8workflow9dfs_cycles_0B5_
FNDA:0,_RNvMNtCscr0jGAzFRLZ_8vo_types8workflowNtB2_18WorkflowDefinition20validate_unvalidated
FNDA:0,_RNvMNtCscr0jGAzFRLZ_8vo_types8workflowNtB2_18WorkflowDefinition8get_node
FNDA:0,_RNvNtCscr0jGAzFRLZ_8vo_types8workflow10next_nodes
FNDA:0,_RNvNtCscr0jGAzFRLZ_8vo_types8workflow12detect_cycle
FNDA:0,_RNvNtCscr0jGAzFRLZ_8vo_types8workflow9dfs_cycle
FNDA:25,_RNCNCNvMNtCscmktnBvsI4H_8vo_types8workflowNtB6_18WorkflowDefinition20validate_unvalidated00B8_
FNDA:1875,_RNCNCNvNtCscmktnBvsI4H_8vo_types8workflow12detect_cycle00B7_
FNDA:3204,_RNCNvMNtCscmktnBvsI4H_8vo_types8workflowNtB4_18WorkflowDefinition20validate_unvalidated0B6_
FNDA:1752,_RNCNvMNtCscmktnBvsI4H_8vo_types8workflowNtB4_18WorkflowDefinition20validate_unvalidateds0_0B6_
FNDA:16,_RNCNvMNtCscmktnBvsI4H_8vo_types8workflowNtB4_18WorkflowDefinition5parse0B6_
FNDA:2649,_RNCNvMNtCscmktnBvsI4H_8vo_types8workflowNtB4_18WorkflowDefinition8get_node0B6_
FNDA:1313,_RNCNvNtCscmktnBvsI4H_8vo_types8workflow10next_nodes0B5_
FNDA:1059,_RNCNvNtCscmktnBvsI4H_8vo_types8workflow10next_nodess0_0B5_
FNDA:1320,_RNCNvNtCscmktnBvsI4H_8vo_types8workflow10next_nodess_0B5_
FNDA:1274,_RNCNvNtCscmktnBvsI4H_8vo_types8workflow12detect_cycle0B5_
FNDA:11,_RNCNvNtCscmktnBvsI4H_8vo_types8workflow9dfs_cycle0B5_
FNDA:1744,_RNCNvNtCscmktnBvsI4H_8vo_types8workflow9dfs_cycles_0B5_
FNDA:0,_RINvMNtCscmktnBvsI4H_8vo_types8workflowNtB3_18WorkflowDefinition17from_deserializerpEB5_
FNDA:0,_RNCINvMNtCscmktnBvsI4H_8vo_types8workflowNtB5_18WorkflowDefinition17from_deserializerpE0B7_
FNDA:1315,_RNvMNtCscmktnBvsI4H_8vo_types8workflowNtB2_18WorkflowDefinition20validate_unvalidated
FNDA:1331,_RNvMNtCscmktnBvsI4H_8vo_types8workflowNtB2_18WorkflowDefinition5parse
FNDA:1317,_RNvMNtCscmktnBvsI4H_8vo_types8workflowNtB2_18WorkflowDefinition8get_node
FNDA:796,_RNvNtCscmktnBvsI4H_8vo_types8workflow10next_nodes
FNDA:1281,_RNvNtCscmktnBvsI4H_8vo_types8workflow12detect_cycle
FNDA:3627,_RNvNtCscmktnBvsI4H_8vo_types8workflow9dfs_cycle
FNF:20
FNH:18
DA:75,0
DA:76,0
DA:77,0
DA:80,0
DA:81,0
DA:82,0
DA:83,0
DA:85,0
DA:86,0
DA:94,1331
DA:95,1315
DA:96,1331
DA:97,16
DA:98,16
DA:99,16
DA:100,16
DA:102,1315
DA:103,1331
DA:106,1317
DA:107,2649
DA:108,1317
DA:113,1315
DA:114,1315
DA:115,1315
DA:117,1315
DA:118,3
DA:119,1312
DA:122,3204
DA:123,3204
DA:124,3204
DA:125,3204
DA:126,3204
DA:128,3204
DA:129,25
DA:130,25
DA:131,25
DA:132,3179
DA:133,3204
DA:136,1287
DA:137,1287
DA:138,1752
DA:139,1752
DA:140,2
DA:141,2
DA:142,2
DA:143,2
DA:144,1750
DA:145,1750
DA:146,4
DA:147,4
DA:148,4
DA:149,4
DA:150,1746
DA:151,1746
DA:152,1752
DA:155,1281
DA:156,9
DA:157,1272
DA:160,1272
DA:161,1272
DA:162,1272
DA:163,1272
DA:164,1272
DA:165,1315
DA:173,796
DA:174,796
DA:175,796
DA:176,796
DA:177,796
DA:178,1313
DA:179,1313
DA:180,787
DA:181,521
DA:182,5
DA:184,1313
DA:186,796
DA:187,796
DA:188,1320
DA:189,1059
DA:190,796
DA:191,796
DA:209,1281
DA:211,1281
DA:212,3173
DA:213,3173
DA:214,3173
DA:215,1746
DA:216,1746
DA:217,1746
DA:218,1746
DA:219,1746
DA:222,1281
DA:223,1281
DA:225,1281
DA:227,1875
DA:228,1875
DA:229,602
DA:231,1273
DA:233,1875
DA:234,1274
DA:235,1281
DA:238,3627
DA:239,3627
DA:240,3627
DA:241,3627
DA:242,3627
DA:243,3627
DA:244,3627
DA:247,11
DA:248,9
DA:249,9
DA:250,9
DA:251,9
DA:252,9
DA:253,9
DA:255,447
DA:258,3171
DA:259,3171
DA:261,3171
DA:262,3171
DA:263,22
DA:264,3149
DA:265,0
DA:267,3149
DA:268,3149
DA:269,3149
DA:272,3627
BRF:0
BRH:0
LF:143
LH:132
end_of_record
SF:/home/lewis/src/vel-bsl/crates/vo-types/src/workflow/types.rs
FN:65,_RNvMNtNtCscr0jGAzFRLZ_8vo_types8workflow5typesNtB2_11RetryPolicy3new
FN:65,_RNvMNtNtCscmktnBvsI4H_8vo_types8workflow5typesNtB2_11RetryPolicy3new
FNDA:0,_RNvMNtNtCscr0jGAzFRLZ_8vo_types8workflow5typesNtB2_11RetryPolicy3new
FNDA:4510,_RNvMNtNtCscmktnBvsI4H_8vo_types8workflow5typesNtB2_11RetryPolicy3new
FNF:1
FNH:1
DA:65,4510
DA:66,4510
DA:67,4510
DA:68,4510
DA:69,4510
DA:70,4510
DA:71,262
DA:72,4248
DA:73,4248
DA:74,539
DA:75,539
DA:76,539
DA:77,3709
DA:78,3709
DA:79,3709
DA:80,3709
DA:81,3709
DA:82,3709
DA:83,4510
BRF:0
BRH:0
LF:19
LH:19
end_of_record