SF:/home/lewis/src/veloxide/crates/vo-executor/src/lib.rs
FN:275,_RNvCsflYpDwmdBmn_11vo_executor11clear_error
FN:319,_RNvCsflYpDwmdBmn_11vo_executor12execute_step
FN:285,_RNvCsflYpDwmdBmn_11vo_executor13step_behavior
FN:575,_RNvCsflYpDwmdBmn_11vo_executor14get_last_error
FN:367,_RNvCsflYpDwmdBmn_11vo_executor15start_execution
FN:534,_RNvCsflYpDwmdBmn_11vo_executor16cancel_execution
FN:403,_RNvCsflYpDwmdBmn_11vo_executor16execute_behavior
FN:331,_RNvCsflYpDwmdBmn_11vo_executor16validate_timeout
FN:357,_RNvCsflYpDwmdBmn_11vo_executor17check_step_exists
FN:515,_RNvCsflYpDwmdBmn_11vo_executor18sleep_with_backoff
FN:347,_RNvCsflYpDwmdBmn_11vo_executor19check_not_executing
FN:554,_RNvCsflYpDwmdBmn_11vo_executor20get_execution_status
FN:478,_RNvCsflYpDwmdBmn_11vo_executor20simulate_flaky_retry
FN:487,_RNvCsflYpDwmdBmn_11vo_executor21build_transient_error
FN:494,_RNvCsflYpDwmdBmn_11vo_executor21execute_flaky_retries
FN:450,_RNvCsflYpDwmdBmn_11vo_executor21validate_retry_policy
FN:394,_RNvCsflYpDwmdBmn_11vo_executor22execute_and_transition
FN:466,_RNvCsflYpDwmdBmn_11vo_executor23check_flaky_or_delegate
FN:441,_RNvCsflYpDwmdBmn_11vo_executor23execute_step_with_retry
FN:379,_RNvCsflYpDwmdBmn_11vo_executor24handle_slow_step_timeout
FN:421,_RNvCsflYpDwmdBmn_11vo_executor25handle_transient_behavior
FN:265,_RNvCsflYpDwmdBmn_11vo_executor9get_state
FN:280,_RNvCsflYpDwmdBmn_11vo_executor9set_error
FN:270,_RNvCsflYpDwmdBmn_11vo_executor9set_state
FN:29,_RNvMCsflYpDwmdBmn_11vo_executorNtB2_6StepId3new
FN:39,_RNvMCsflYpDwmdBmn_11vo_executorNtB2_6StepId5parse
FN:57,_RNvMCsflYpDwmdBmn_11vo_executorNtB2_6StepId6as_str
FN:205,_RNvMs2_CsflYpDwmdBmn_11vo_executorNtB5_11RetryPolicy23calculate_backoff_delay
FN:177,_RNvMs2_CsflYpDwmdBmn_11vo_executorNtB5_11RetryPolicy3new
FN:220,_RNvMs3_CsflYpDwmdBmn_11vo_executorNtB5_10StepResult10is_success
FN:228,_RNvMs4_CsflYpDwmdBmn_11vo_executorNtB5_15ExecutionStatus8is_ready
FN:75,_RNvXs1_CsflYpDwmdBmn_11vo_executorNtB5_6StepIdNtNtCshE3Bd3PKlmN_4core3fmt7Display3fmt
FN:63,_RNvXs_CsflYpDwmdBmn_11vo_executorNtB4_6StepIdINtNtCshE3Bd3PKlmN_4core7convert5AsRefeE6as_ref
FN:322,_RNCNvCsflYpDwmdBmn_11vo_executor12execute_step0B3_
FN:576,_RNCNvCsflYpDwmdBmn_11vo_executor14get_last_error0B3_
FN:534,_RNCNvCsflYpDwmdBmn_11vo_executor16cancel_execution0B3_
FN:515,_RNCNvCsflYpDwmdBmn_11vo_executor18sleep_with_backoff0B3_
FN:481,_RNCNvCsflYpDwmdBmn_11vo_executor20simulate_flaky_retry0B3_
FN:498,_RNCNvCsflYpDwmdBmn_11vo_executor21execute_flaky_retries0B3_
FN:470,_RNCNvCsflYpDwmdBmn_11vo_executor23check_flaky_or_delegate0B3_
FN:445,_RNCNvCsflYpDwmdBmn_11vo_executor23execute_step_with_retry0B3_
FN:266,_RNCNvCsflYpDwmdBmn_11vo_executor9get_state0B3_
FN:47,_RNCNvMCsflYpDwmdBmn_11vo_executorNtB4_6StepId5parse0B4_
FN:69,_RNvXs0_CsflYpDwmdBmn_11vo_executorNtNtCs7Pui2PYMBO9_5alloc6string6StringINtNtCshE3Bd3PKlmN_4core7convert4FromNtB5_6StepIdE4from
FN:576,_RNCNvCsg2UWKMrco9G_11vo_executor14get_last_error0B3_
FN:47,_RNCNvMCsg2UWKMrco9G_11vo_executorNtB4_6StepId5parse0B4_
FN:575,_RNvCsg2UWKMrco9G_11vo_executor14get_last_error
FN:534,_RNvCsg2UWKMrco9G_11vo_executor16cancel_execution
FN:554,_RNvCsg2UWKMrco9G_11vo_executor20get_execution_status
FN:441,_RNvCsg2UWKMrco9G_11vo_executor23execute_step_with_retry
FN:29,_RNvMCsg2UWKMrco9G_11vo_executorNtB2_6StepId3new
FN:39,_RNvMCsg2UWKMrco9G_11vo_executorNtB2_6StepId5parse
FN:177,_RNvMs2_Csg2UWKMrco9G_11vo_executorNtB5_11RetryPolicy3new
FN:220,_RNvMs3_Csg2UWKMrco9G_11vo_executorNtB5_10StepResult10is_success
FN:228,_RNvMs4_Csg2UWKMrco9G_11vo_executorNtB5_15ExecutionStatus8is_ready
FN:69,_RNvXs0_Csg2UWKMrco9G_11vo_executorNtNtCs7Pui2PYMBO9_5alloc6string6StringINtNtCshE3Bd3PKlmN_4core7convert4FromNtB5_6StepIdE4from
FN:63,_RNvXs_Csg2UWKMrco9G_11vo_executorNtB4_6StepIdINtNtCshE3Bd3PKlmN_4core7convert5AsRefeE6as_ref
FN:275,_RNvCsg2UWKMrco9G_11vo_executor11clear_error
FN:319,_RNvCsg2UWKMrco9G_11vo_executor12execute_step
FN:285,_RNvCsg2UWKMrco9G_11vo_executor13step_behavior
FN:367,_RNvCsg2UWKMrco9G_11vo_executor15start_execution
FN:403,_RNvCsg2UWKMrco9G_11vo_executor16execute_behavior
FN:331,_RNvCsg2UWKMrco9G_11vo_executor16validate_timeout
FN:357,_RNvCsg2UWKMrco9G_11vo_executor17check_step_exists
FN:515,_RNvCsg2UWKMrco9G_11vo_executor18sleep_with_backoff
FN:347,_RNvCsg2UWKMrco9G_11vo_executor19check_not_executing
FN:478,_RNvCsg2UWKMrco9G_11vo_executor20simulate_flaky_retry
FN:487,_RNvCsg2UWKMrco9G_11vo_executor21build_transient_error
FN:494,_RNvCsg2UWKMrco9G_11vo_executor21execute_flaky_retries
FN:450,_RNvCsg2UWKMrco9G_11vo_executor21validate_retry_policy
FN:394,_RNvCsg2UWKMrco9G_11vo_executor22execute_and_transition
FN:466,_RNvCsg2UWKMrco9G_11vo_executor23check_flaky_or_delegate
FN:379,_RNvCsg2UWKMrco9G_11vo_executor24handle_slow_step_timeout
FN:421,_RNvCsg2UWKMrco9G_11vo_executor25handle_transient_behavior
FN:265,_RNvCsg2UWKMrco9G_11vo_executor9get_state
FN:280,_RNvCsg2UWKMrco9G_11vo_executor9set_error
FN:270,_RNvCsg2UWKMrco9G_11vo_executor9set_state
FN:57,_RNvMCsg2UWKMrco9G_11vo_executorNtB2_6StepId6as_str
FN:205,_RNvMs2_Csg2UWKMrco9G_11vo_executorNtB5_11RetryPolicy23calculate_backoff_delay
FN:75,_RNvXs1_Csg2UWKMrco9G_11vo_executorNtB5_6StepIdNtNtCshE3Bd3PKlmN_4core3fmt7Display3fmt
FN:322,_RNCNvCsg2UWKMrco9G_11vo_executor12execute_step0B3_
FN:534,_RNCNvCsg2UWKMrco9G_11vo_executor16cancel_execution0B3_
FN:515,_RNCNvCsg2UWKMrco9G_11vo_executor18sleep_with_backoff0B3_
FN:481,_RNCNvCsg2UWKMrco9G_11vo_executor20simulate_flaky_retry0B3_
FN:498,_RNCNvCsg2UWKMrco9G_11vo_executor21execute_flaky_retries0B3_
FN:470,_RNCNvCsg2UWKMrco9G_11vo_executor23check_flaky_or_delegate0B3_
FN:445,_RNCNvCsg2UWKMrco9G_11vo_executor23execute_step_with_retry0B3_
FN:266,_RNCNvCsg2UWKMrco9G_11vo_executor9get_state0B3_
FNDA:7,_RNvCsflYpDwmdBmn_11vo_executor11clear_error
FNDA:10,_RNvCsflYpDwmdBmn_11vo_executor12execute_step
FNDA:8,_RNvCsflYpDwmdBmn_11vo_executor13step_behavior
FNDA:2,_RNvCsflYpDwmdBmn_11vo_executor14get_last_error
FNDA:7,_RNvCsflYpDwmdBmn_11vo_executor15start_execution
FNDA:4,_RNvCsflYpDwmdBmn_11vo_executor16cancel_execution
FNDA:6,_RNvCsflYpDwmdBmn_11vo_executor16execute_behavior
FNDA:10,_RNvCsflYpDwmdBmn_11vo_executor16validate_timeout
FNDA:8,_RNvCsflYpDwmdBmn_11vo_executor17check_step_exists
FNDA:3,_RNvCsflYpDwmdBmn_11vo_executor18sleep_with_backoff
FNDA:8,_RNvCsflYpDwmdBmn_11vo_executor19check_not_executing
FNDA:2,_RNvCsflYpDwmdBmn_11vo_executor20get_execution_status
FNDA:3,_RNvCsflYpDwmdBmn_11vo_executor20simulate_flaky_retry
FNDA:3,_RNvCsflYpDwmdBmn_11vo_executor21build_transient_error
FNDA:3,_RNvCsflYpDwmdBmn_11vo_executor21execute_flaky_retries
FNDA:6,_RNvCsflYpDwmdBmn_11vo_executor21validate_retry_policy
FNDA:6,_RNvCsflYpDwmdBmn_11vo_executor22execute_and_transition
FNDA:5,_RNvCsflYpDwmdBmn_11vo_executor23check_flaky_or_delegate
FNDA:6,_RNvCsflYpDwmdBmn_11vo_executor23execute_step_with_retry
FNDA:7,_RNvCsflYpDwmdBmn_11vo_executor24handle_slow_step_timeout
FNDA:2,_RNvCsflYpDwmdBmn_11vo_executor25handle_transient_behavior
FNDA:14,_RNvCsflYpDwmdBmn_11vo_executor9get_state
FNDA:6,_RNvCsflYpDwmdBmn_11vo_executor9set_error
FNDA:17,_RNvCsflYpDwmdBmn_11vo_executor9set_state
FNDA:27,_RNvMCsflYpDwmdBmn_11vo_executorNtB2_6StepId3new
FNDA:0,_RNvMCsflYpDwmdBmn_11vo_executorNtB2_6StepId5parse
FNDA:59,_RNvMCsflYpDwmdBmn_11vo_executorNtB2_6StepId6as_str
FNDA:5501,_RNvMs2_CsflYpDwmdBmn_11vo_executorNtB5_11RetryPolicy23calculate_backoff_delay
FNDA:2848,_RNvMs2_CsflYpDwmdBmn_11vo_executorNtB5_11RetryPolicy3new
FNDA:2,_RNvMs3_CsflYpDwmdBmn_11vo_executorNtB5_10StepResult10is_success
FNDA:5,_RNvMs4_CsflYpDwmdBmn_11vo_executorNtB5_15ExecutionStatus8is_ready
FNDA:2,_RNvXs1_CsflYpDwmdBmn_11vo_executorNtB5_6StepIdNtNtCshE3Bd3PKlmN_4core3fmt7Display3fmt
FNDA:0,_RNvXs_CsflYpDwmdBmn_11vo_executorNtB4_6StepIdINtNtCshE3Bd3PKlmN_4core7convert5AsRefeE6as_ref
FNDA:10,_RNCNvCsflYpDwmdBmn_11vo_executor12execute_step0B3_
FNDA:1,_RNCNvCsflYpDwmdBmn_11vo_executor14get_last_error0B3_
FNDA:4,_RNCNvCsflYpDwmdBmn_11vo_executor16cancel_execution0B3_
FNDA:3,_RNCNvCsflYpDwmdBmn_11vo_executor18sleep_with_backoff0B3_
FNDA:3,_RNCNvCsflYpDwmdBmn_11vo_executor20simulate_flaky_retry0B3_
FNDA:3,_RNCNvCsflYpDwmdBmn_11vo_executor21execute_flaky_retries0B3_
FNDA:5,_RNCNvCsflYpDwmdBmn_11vo_executor23check_flaky_or_delegate0B3_
FNDA:6,_RNCNvCsflYpDwmdBmn_11vo_executor23execute_step_with_retry0B3_
FNDA:6,_RNCNvCsflYpDwmdBmn_11vo_executor9get_state0B3_
FNDA:0,_RNCNvMCsflYpDwmdBmn_11vo_executorNtB4_6StepId5parse0B4_
FNDA:0,_RNvXs0_CsflYpDwmdBmn_11vo_executorNtNtCs7Pui2PYMBO9_5alloc6string6StringINtNtCshE3Bd3PKlmN_4core7convert4FromNtB5_6StepIdE4from
FNDA:0,_RNCNvCsg2UWKMrco9G_11vo_executor14get_last_error0B3_
FNDA:0,_RNCNvMCsg2UWKMrco9G_11vo_executorNtB4_6StepId5parse0B4_
FNDA:0,_RNvCsg2UWKMrco9G_11vo_executor14get_last_error
FNDA:0,_RNvCsg2UWKMrco9G_11vo_executor16cancel_execution
FNDA:0,_RNvCsg2UWKMrco9G_11vo_executor20get_execution_status
FNDA:0,_RNvCsg2UWKMrco9G_11vo_executor23execute_step_with_retry
FNDA:0,_RNvMCsg2UWKMrco9G_11vo_executorNtB2_6StepId3new
FNDA:0,_RNvMCsg2UWKMrco9G_11vo_executorNtB2_6StepId5parse
FNDA:0,_RNvMs2_Csg2UWKMrco9G_11vo_executorNtB5_11RetryPolicy3new
FNDA:0,_RNvMs3_Csg2UWKMrco9G_11vo_executorNtB5_10StepResult10is_success
FNDA:0,_RNvMs4_Csg2UWKMrco9G_11vo_executorNtB5_15ExecutionStatus8is_ready
FNDA:0,_RNvXs0_Csg2UWKMrco9G_11vo_executorNtNtCs7Pui2PYMBO9_5alloc6string6StringINtNtCshE3Bd3PKlmN_4core7convert4FromNtB5_6StepIdE4from
FNDA:0,_RNvXs_Csg2UWKMrco9G_11vo_executorNtB4_6StepIdINtNtCshE3Bd3PKlmN_4core7convert5AsRefeE6as_ref
FNDA:0,_RNvCsg2UWKMrco9G_11vo_executor11clear_error
FNDA:0,_RNvCsg2UWKMrco9G_11vo_executor12execute_step
FNDA:0,_RNvCsg2UWKMrco9G_11vo_executor13step_behavior
FNDA:0,_RNvCsg2UWKMrco9G_11vo_executor15start_execution
FNDA:0,_RNvCsg2UWKMrco9G_11vo_executor16execute_behavior
FNDA:0,_RNvCsg2UWKMrco9G_11vo_executor16validate_timeout
FNDA:0,_RNvCsg2UWKMrco9G_11vo_executor17check_step_exists
FNDA:0,_RNvCsg2UWKMrco9G_11vo_executor18sleep_with_backoff
FNDA:0,_RNvCsg2UWKMrco9G_11vo_executor19check_not_executing
FNDA:0,_RNvCsg2UWKMrco9G_11vo_executor20simulate_flaky_retry
FNDA:0,_RNvCsg2UWKMrco9G_11vo_executor21build_transient_error
FNDA:0,_RNvCsg2UWKMrco9G_11vo_executor21execute_flaky_retries
FNDA:0,_RNvCsg2UWKMrco9G_11vo_executor21validate_retry_policy
FNDA:0,_RNvCsg2UWKMrco9G_11vo_executor22execute_and_transition
FNDA:0,_RNvCsg2UWKMrco9G_11vo_executor23check_flaky_or_delegate
FNDA:0,_RNvCsg2UWKMrco9G_11vo_executor24handle_slow_step_timeout
FNDA:0,_RNvCsg2UWKMrco9G_11vo_executor25handle_transient_behavior
FNDA:0,_RNvCsg2UWKMrco9G_11vo_executor9get_state
FNDA:0,_RNvCsg2UWKMrco9G_11vo_executor9set_error
FNDA:0,_RNvCsg2UWKMrco9G_11vo_executor9set_state
FNDA:0,_RNvMCsg2UWKMrco9G_11vo_executorNtB2_6StepId6as_str
FNDA:0,_RNvMs2_Csg2UWKMrco9G_11vo_executorNtB5_11RetryPolicy23calculate_backoff_delay
FNDA:0,_RNvXs1_Csg2UWKMrco9G_11vo_executorNtB5_6StepIdNtNtCshE3Bd3PKlmN_4core3fmt7Display3fmt
FNDA:0,_RNCNvCsg2UWKMrco9G_11vo_executor12execute_step0B3_
FNDA:0,_RNCNvCsg2UWKMrco9G_11vo_executor16cancel_execution0B3_
FNDA:0,_RNCNvCsg2UWKMrco9G_11vo_executor18sleep_with_backoff0B3_
FNDA:0,_RNCNvCsg2UWKMrco9G_11vo_executor20simulate_flaky_retry0B3_
FNDA:0,_RNCNvCsg2UWKMrco9G_11vo_executor21execute_flaky_retries0B3_
FNDA:0,_RNCNvCsg2UWKMrco9G_11vo_executor23check_flaky_or_delegate0B3_
FNDA:0,_RNCNvCsg2UWKMrco9G_11vo_executor23execute_step_with_retry0B3_
FNDA:0,_RNCNvCsg2UWKMrco9G_11vo_executor9get_state0B3_
FNF:44
FNH:40
DA:29,27
DA:30,27
DA:31,27
DA:39,0
DA:40,0
DA:41,0
DA:42,0
DA:43,0
DA:44,0
DA:45,0
DA:46,0
DA:47,0
DA:49,0
DA:50,0
DA:51,0
DA:52,0
DA:53,0
DA:54,0
DA:57,59
DA:58,59
DA:59,59
DA:63,0
DA:64,0
DA:65,0
DA:69,0
DA:70,0
DA:71,0
DA:75,2
DA:76,2
DA:77,2
DA:177,2848
DA:178,2848
DA:179,2848
DA:180,2848
DA:181,2848
DA:182,2848
DA:183,258
DA:184,2590
DA:186,2590
DA:187,468
DA:188,468
DA:189,468
DA:190,2122
DA:191,2122
DA:192,2122
DA:193,2122
DA:194,2122
DA:195,2122
DA:196,2848
DA:205,5501
DA:206,5501
DA:207,5501
DA:209,5501
DA:212,5501
DA:213,5501
DA:214,5501
DA:220,2
DA:221,2
DA:222,2
DA:228,5
DA:229,5
DA:230,5
DA:265,14
DA:266,14
DA:267,14
DA:270,17
DA:271,17
DA:272,17
DA:275,7
DA:276,7
DA:277,7
DA:280,6
DA:281,6
DA:282,6
DA:285,8
DA:286,8
DA:287,8
DA:288,3
DA:290,5
DA:291,4
DA:292,2
DA:293,1
DA:295,8
DA:319,10
DA:320,10
DA:321,10
DA:322,10
DA:323,10
DA:324,8
DA:325,8
DA:326,7
DA:327,7
DA:328,6
DA:329,10
DA:331,10
DA:332,10
DA:333,1
DA:334,1
DA:335,1
DA:336,1
DA:337,9
DA:338,9
DA:339,1
DA:340,1
DA:341,1
DA:342,1
DA:343,8
DA:344,8
DA:345,10
DA:347,8
DA:348,8
DA:349,0
DA:350,0
DA:351,0
DA:352,0
DA:353,8
DA:354,8
DA:355,8
DA:357,8
DA:358,8
DA:359,8
DA:360,1
DA:361,1
DA:362,1
DA:363,7
DA:364,7
DA:365,8
DA:367,7
DA:368,7
DA:369,7
DA:370,7
DA:371,7
DA:372,7
DA:373,7
DA:374,7
DA:376,7
DA:377,7
DA:379,7
DA:380,7
DA:381,7
DA:382,7
DA:383,7
DA:384,7
DA:385,1
DA:386,1
DA:387,1
DA:388,1
DA:389,1
DA:390,6
DA:391,6
DA:392,7
DA:394,6
DA:395,6
DA:396,6
DA:397,6
DA:398,6
DA:399,4
DA:400,4
DA:401,6
DA:403,6
DA:404,6
DA:405,6
DA:406,6
DA:407,6
DA:408,3
DA:409,3
DA:410,3
DA:411,1
DA:412,1
DA:413,1
DA:414,2
DA:415,0
DA:416,0
DA:417,0
DA:419,6
DA:421,2
DA:422,2
DA:423,2
DA:424,2
DA:425,2
DA:426,2
DA:427,2
DA:428,2
DA:429,2
DA:441,6
DA:442,6
DA:443,6
DA:444,6
DA:445,6
DA:446,6
DA:447,5
DA:448,6
DA:450,6
DA:451,6
DA:452,6
DA:453,6
DA:454,6
DA:455,1
DA:456,1
DA:457,1
DA:458,1
DA:459,1
DA:460,1
DA:462,5
DA:464,6
DA:466,5
DA:467,5
DA:468,5
DA:469,5
DA:470,5
DA:471,5
DA:472,3
DA:474,2
DA:476,5
DA:478,3
DA:479,3
DA:480,3
DA:481,3
DA:482,3
DA:483,3
DA:484,3
DA:485,3
DA:487,3
DA:488,3
DA:489,3
DA:490,3
DA:491,3
DA:492,3
DA:494,3
DA:495,3
DA:496,3
DA:497,3
DA:498,3
DA:499,3
DA:500,2
DA:501,2
DA:502,1
DA:503,1
DA:504,2
DA:505,2
DA:506,2
DA:507,2
DA:508,1
DA:509,1
DA:510,1
DA:511,1
DA:512,1
DA:513,3
DA:515,3
DA:519,3
DA:520,3
DA:521,3
DA:522,3
DA:523,3
DA:534,4
DA:535,4
DA:536,0
DA:537,0
DA:538,0
DA:540,3
DA:541,3
DA:542,3
DA:543,3
DA:544,3
DA:546,3
DA:548,1
DA:550,4
DA:554,2
DA:555,2
DA:556,1
DA:558,0
DA:559,0
DA:561,0
DA:562,0
DA:563,0
DA:564,0
DA:565,0
DA:566,0
DA:568,0
DA:569,1
DA:571,2
DA:575,2
DA:576,2
DA:577,2
BRF:0
BRH:0
LF:294
LH:253
end_of_record